<?xml version="1.0" encoding="UTF-8"?>
<!-- Generated by org.testng.reporters.JUnitXMLReporter -->
<testsuite hostname="Admins-MacBook-Air.local" ignored="0" name="Mobile Android" tests="5" failures="0" timestamp="2022-11-16T18:13:39 WIB" time="64.877" errors="0">
  <testcase name="mobileBuyerLogin" time="6.624" classname="Gokomodo.FE.Mobile.LoginManager.Buyer.tests.MobileLoginBuyer"/>
  <testcase name="mobileSellerLogin" time="4.852" classname="Gokomodo.FE.Mobile.LoginManager.Seller.tests.MobileLoginSeller"/>
  <testcase name="mobileWebAdminLogin" time="1.436" classname="Gokomodo.FE.MobileWeb.LoginManager.Admin.tests.MobileWebLoginAdmin"/>
  <testcase name="validUserName" time="2.946" classname="Gokomodo.FE.MobileWeb.LoginManager.Buyer.tests.MobileWebLoginBuyer"/>
  <testcase name="validUserName" time="1.806" classname="Gokomodo.FE.MobileWeb.LoginManager.Seller.tests.MobileWebLoginSeller"/>
</testsuite> <!-- Mobile Android -->
