<?xml version="1.0" encoding="UTF-8"?>
<!-- Generated by org.testng.reporters.JUnitXMLReporter -->
<testsuite hostname="Admins-MacBook-Air.local" ignored="0" name="Mobile iPhone" tests="2" failures="0" timestamp="2022-11-15T13:40:10 WIB" time="180.524" errors="0">
  <testcase name="mobileBuyerLogin" time="9.834" classname="Gokomodo.FE.Mobile.LoginManager.Buyer.tests.MobileLoginBuyer"/>
  <testcase name="mobileSellerLogin" time="11.72" classname="Gokomodo.FE.Mobile.LoginManager.Seller.tests.MobileLoginSeller"/>
</testsuite> <!-- Mobile iPhone -->
