<?xml version="1.0" encoding="UTF-8"?>
<!-- Generated by org.testng.reporters.JUnitXMLReporter -->
<testsuite hostname="Admins-MacBook-Air.local" ignored="0" name="Mobile Android" tests="2" failures="0" timestamp="2022-11-15T13:37:10 WIB" time="25.925" errors="0">
  <testcase name="mobileBuyerLogin" time="5.435" classname="Gokomodo.FE.Mobile.LoginManager.Buyer.tests.MobileLoginBuyer"/>
  <testcase name="mobileSellerLogin" time="4.697" classname="Gokomodo.FE.Mobile.LoginManager.Seller.tests.MobileLoginSeller"/>
</testsuite> <!-- Mobile Android -->
