<?xml version="1.0" encoding="UTF-8"?>
<!-- Generated by org.testng.reporters.JUnitXMLReporter -->
<testsuite hostname="Admins-MacBook-Air.local" ignored="0" name="Test Rest API Gokomodo" tests="6" failures="0" timestamp="2022-11-15T13:40:22 WIB" time="6.296" errors="0">
  <testcase name="loginUser" time="4.797" classname="Gokomodo.BE.Rest.tests.PartnerTest"/>
  <testcase name="createPartner" time="0.415" classname="Gokomodo.BE.Rest.tests.PartnerTest"/>
  <testcase name="findPartnerById" time="0.303" classname="Gokomodo.BE.Rest.tests.PartnerTest"/>
  <testcase name="loginUser" time="0.234" classname="Gokomodo.BE.Rest.tests.ProductTest"/>
  <testcase name="createProduct" time="0.182" classname="Gokomodo.BE.Rest.tests.ProductTest"/>
  <testcase name="findProductById" time="0.217" classname="Gokomodo.BE.Rest.tests.ProductTest"/>
</testsuite> <!-- Test Rest API Gokomodo -->
