<?xml version="1.0" encoding="UTF-8"?>
<!-- Generated by org.testng.reporters.JUnitXMLReporter -->
<testsuite hostname="Admins-MacBook-Air.local" ignored="0" name="Mobile Android" tests="3" failures="0" timestamp="2022-11-15T13:30:53 WIB" time="31.256" errors="0">
  <testcase name="mobileWebAdminLogin" time="1.953" classname="Gokomodo.FE.MobileWeb.LoginManager.Admin.tests.MobileWebLoginAdmin"/>
  <testcase name="validUserName" time="2.758" classname="Gokomodo.FE.MobileWeb.LoginManager.Buyer.tests.MobileWebLoginBuyer"/>
  <testcase name="validUserName" time="2.387" classname="Gokomodo.FE.MobileWeb.LoginManager.Seller.tests.MobileWebLoginSeller"/>
</testsuite> <!-- Mobile Android -->
