<?xml version="1.0" encoding="UTF-8"?>
<!-- Generated by org.testng.reporters.JUnitXMLReporter -->
<testsuite hostname="Admins-MacBook-Air.local" ignored="0" name="Mobile iPhone" tests="3" failures="0" timestamp="2022-11-15T13:36:32 WIB" time="339.697" errors="0">
  <testcase name="mobileWebAdminLogin" time="1.102" classname="Gokomodo.FE.MobileWeb.LoginManager.Admin.tests.MobileWebLoginAdmin"/>
  <testcase name="validUserName" time="1.701" classname="Gokomodo.FE.MobileWeb.LoginManager.Buyer.tests.MobileWebLoginBuyer"/>
  <testcase name="validUserName" time="0.865" classname="Gokomodo.FE.MobileWeb.LoginManager.Seller.tests.MobileWebLoginSeller"/>
</testsuite> <!-- Mobile iPhone -->
