<?xml version="1.0" encoding="UTF-8"?>
<!-- Generated by org.testng.reporters.JUnitXMLReporter -->
<testsuite hostname="Admins-MacBook-Air.local" ignored="2" name="TestBuyerGokomodo" tests="8" failures="0" timestamp="2022-11-15T13:30:17 WIB" time="80.874" errors="0">
  <testcase name="TestloginSeller" time="2.821" classname="Gokomodo.FE.Web.LoginManager.Seller.tests.LoginSeller"/>
  <testcase name="TestloginSeller2" time="1.548" classname="Gokomodo.FE.Web.LoginManager.Seller.tests.LoginSeller"/>
  <testcase name="Testloginbuyer" time="1.541" classname="Gokomodo.FE.Web.LoginManager.Buyer.tests.LoginBuyer"/>
  <testcase name="Testloginbuyer1" time="1.537" classname="Gokomodo.FE.Web.LoginManager.Buyer.tests.LoginBuyer"/>
  <testcase name="Testloginbuyer2" time="1.531" classname="Gokomodo.FE.Web.LoginManager.Buyer.tests.LoginBuyer"/>
  <testcase name="TestForgetPassbuyer" time="2.043" classname="Gokomodo.FE.Web.Buyer.tests.ForgotPassword"/>
  <testcase name="TestloginAdmin" time="1.542" classname="Gokomodo.FE.Web.LoginManager.Admin.tests.LoginAdmin"/>
  <testcase name="TestloginAdmin2" time="1.536" classname="Gokomodo.FE.Web.LoginManager.Admin.tests.LoginAdmin"/>
  <testcase name="@BeforeTest suiteSetup" time="0.0" classname="Gokomodo.FE.Web.Buyer.controllers.BuyerWebDriverFactory">
    <ignored/>
  </testcase> <!-- @BeforeTest suiteSetup -->
  <testcase name="@AfterTest beforeSuite" time="0.0" classname="Gokomodo.FE.Web.Buyer.controllers.BuyerBaseMethod">
    <ignored/>
  </testcase> <!-- @AfterTest beforeSuite -->
</testsuite> <!-- TestBuyerGokomodo -->
