<?xml version="1.0" encoding="UTF-8"?>
<testng-results skipped="0" failed="0" ignored="2" total="26" passed="24">
  <reporter-output>
    <line>
      <![CDATA[Execution of the Suite 'End to End Web QA Gokomodo' Started!]]>
    </line>
    <line>
      <![CDATA[About to begin executing Test TestBuyerGokomodo]]>
    </line>
    <line>
      <![CDATA[About to begin executing following method : AdminWebDriverFactory.suiteSetup]]>
    </line>
    <line>
      <![CDATA[Completed executing following method : AdminWebDriverFactory.suiteSetup]]>
    </line>
    <line>
      <![CDATA[About to begin executing following method : BuyerWebDriverFactory.suiteSetup]]>
    </line>
    <line>
      <![CDATA[Completed executing following method : BuyerWebDriverFactory.suiteSetup]]>
    </line>
    <line>
      <![CDATA[About to begin executing following method : WebDriverFactory.suiteSetup]]>
    </line>
    <line>
      <![CDATA[Completed executing following method : WebDriverFactory.suiteSetup]]>
    </line>
    <line>
      <![CDATA[About to begin executing following method : WebDriverFactory.beforeMethod]]>
    </line>
    <line>
      <![CDATA[Completed executing following method : WebDriverFactory.beforeMethod]]>
    </line>
    <line>
      <![CDATA[
STARTED TESTING: Gokomodo.FE.Web.LoginManager.Seller.tests.LoginSeller.TestloginSeller
]]>
    </line>
    <line>
      <![CDATA[About to begin executing following method : LoginSeller.TestloginSeller]]>
    </line>
    <line>
      <![CDATA[Completed executing following method : LoginSeller.TestloginSeller]]>
    </line>
    <line>
      <![CDATA[
SUCCESSFULLY EXECUTED TEST: Gokomodo.FE.Web.LoginManager.Seller.tests.LoginSeller.TestloginSeller
]]>
    </line>
    <line>
      <![CDATA[
]]>
    </line>
    <line>
      <![CDATA[About to begin executing following method : WebDriverFactory.afterMethod]]>
    </line>
    <line>
      <![CDATA[Completed executing following method : WebDriverFactory.afterMethod]]>
    </line>
    <line>
      <![CDATA[About to begin executing following method : WebDriverFactory.beforeMethod]]>
    </line>
    <line>
      <![CDATA[Completed executing following method : WebDriverFactory.beforeMethod]]>
    </line>
    <line>
      <![CDATA[
STARTED TESTING: Gokomodo.FE.Web.LoginManager.Seller.tests.LoginSeller.TestloginSeller2
]]>
    </line>
    <line>
      <![CDATA[About to begin executing following method : LoginSeller.TestloginSeller2]]>
    </line>
    <line>
      <![CDATA[Completed executing following method : LoginSeller.TestloginSeller2]]>
    </line>
    <line>
      <![CDATA[
SUCCESSFULLY EXECUTED TEST: Gokomodo.FE.Web.LoginManager.Seller.tests.LoginSeller.TestloginSeller2
]]>
    </line>
    <line>
      <![CDATA[
]]>
    </line>
    <line>
      <![CDATA[About to begin executing following method : WebDriverFactory.afterMethod]]>
    </line>
    <line>
      <![CDATA[Completed executing following method : WebDriverFactory.afterMethod]]>
    </line>
    <line>
      <![CDATA[About to begin executing following method : BuyerWebDriverFactory.beforeMethod]]>
    </line>
    <line>
      <![CDATA[Completed executing following method : BuyerWebDriverFactory.beforeMethod]]>
    </line>
    <line>
      <![CDATA[
STARTED TESTING: Gokomodo.FE.Web.LoginManager.Buyer.tests.LoginBuyer.Testloginbuyer
]]>
    </line>
    <line>
      <![CDATA[About to begin executing following method : LoginBuyer.Testloginbuyer]]>
    </line>
    <line>
      <![CDATA[Completed executing following method : LoginBuyer.Testloginbuyer]]>
    </line>
    <line>
      <![CDATA[
SUCCESSFULLY EXECUTED TEST: Gokomodo.FE.Web.LoginManager.Buyer.tests.LoginBuyer.Testloginbuyer
]]>
    </line>
    <line>
      <![CDATA[
]]>
    </line>
    <line>
      <![CDATA[About to begin executing following method : BuyerWebDriverFactory.afterMethod]]>
    </line>
    <line>
      <![CDATA[Completed executing following method : BuyerWebDriverFactory.afterMethod]]>
    </line>
    <line>
      <![CDATA[About to begin executing following method : BuyerWebDriverFactory.beforeMethod]]>
    </line>
    <line>
      <![CDATA[Completed executing following method : BuyerWebDriverFactory.beforeMethod]]>
    </line>
    <line>
      <![CDATA[
STARTED TESTING: Gokomodo.FE.Web.LoginManager.Buyer.tests.LoginBuyer.Testloginbuyer1
]]>
    </line>
    <line>
      <![CDATA[About to begin executing following method : LoginBuyer.Testloginbuyer1]]>
    </line>
    <line>
      <![CDATA[Completed executing following method : LoginBuyer.Testloginbuyer1]]>
    </line>
    <line>
      <![CDATA[
SUCCESSFULLY EXECUTED TEST: Gokomodo.FE.Web.LoginManager.Buyer.tests.LoginBuyer.Testloginbuyer1
]]>
    </line>
    <line>
      <![CDATA[
]]>
    </line>
    <line>
      <![CDATA[About to begin executing following method : BuyerWebDriverFactory.afterMethod]]>
    </line>
    <line>
      <![CDATA[Completed executing following method : BuyerWebDriverFactory.afterMethod]]>
    </line>
    <line>
      <![CDATA[About to begin executing following method : BuyerWebDriverFactory.beforeMethod]]>
    </line>
    <line>
      <![CDATA[Completed executing following method : BuyerWebDriverFactory.beforeMethod]]>
    </line>
    <line>
      <![CDATA[
STARTED TESTING: Gokomodo.FE.Web.LoginManager.Buyer.tests.LoginBuyer.Testloginbuyer2
]]>
    </line>
    <line>
      <![CDATA[About to begin executing following method : LoginBuyer.Testloginbuyer2]]>
    </line>
    <line>
      <![CDATA[Completed executing following method : LoginBuyer.Testloginbuyer2]]>
    </line>
    <line>
      <![CDATA[
SUCCESSFULLY EXECUTED TEST: Gokomodo.FE.Web.LoginManager.Buyer.tests.LoginBuyer.Testloginbuyer2
]]>
    </line>
    <line>
      <![CDATA[
]]>
    </line>
    <line>
      <![CDATA[About to begin executing following method : BuyerWebDriverFactory.afterMethod]]>
    </line>
    <line>
      <![CDATA[Completed executing following method : BuyerWebDriverFactory.afterMethod]]>
    </line>
    <line>
      <![CDATA[About to begin executing following method : BuyerWebDriverFactory.beforeMethod]]>
    </line>
    <line>
      <![CDATA[Completed executing following method : BuyerWebDriverFactory.beforeMethod]]>
    </line>
    <line>
      <![CDATA[
STARTED TESTING: Gokomodo.FE.Web.Buyer.tests.ForgotPassword.TestForgetPassbuyer
]]>
    </line>
    <line>
      <![CDATA[About to begin executing following method : ForgotPassword.TestForgetPassbuyer]]>
    </line>
    <line>
      <![CDATA[Completed executing following method : ForgotPassword.TestForgetPassbuyer]]>
    </line>
    <line>
      <![CDATA[
SUCCESSFULLY EXECUTED TEST: Gokomodo.FE.Web.Buyer.tests.ForgotPassword.TestForgetPassbuyer
]]>
    </line>
    <line>
      <![CDATA[
]]>
    </line>
    <line>
      <![CDATA[About to begin executing following method : BuyerWebDriverFactory.afterMethod]]>
    </line>
    <line>
      <![CDATA[Completed executing following method : BuyerWebDriverFactory.afterMethod]]>
    </line>
    <line>
      <![CDATA[About to begin executing following method : AdminWebDriverFactory.beforeMethod]]>
    </line>
    <line>
      <![CDATA[Completed executing following method : AdminWebDriverFactory.beforeMethod]]>
    </line>
    <line>
      <![CDATA[
STARTED TESTING: Gokomodo.FE.Web.LoginManager.Admin.tests.LoginAdmin.TestloginAdmin
]]>
    </line>
    <line>
      <![CDATA[About to begin executing following method : LoginAdmin.TestloginAdmin]]>
    </line>
    <line>
      <![CDATA[Completed executing following method : LoginAdmin.TestloginAdmin]]>
    </line>
    <line>
      <![CDATA[
SUCCESSFULLY EXECUTED TEST: Gokomodo.FE.Web.LoginManager.Admin.tests.LoginAdmin.TestloginAdmin
]]>
    </line>
    <line>
      <![CDATA[
]]>
    </line>
    <line>
      <![CDATA[About to begin executing following method : AdminWebDriverFactory.afterMethod]]>
    </line>
    <line>
      <![CDATA[Completed executing following method : AdminWebDriverFactory.afterMethod]]>
    </line>
    <line>
      <![CDATA[About to begin executing following method : AdminWebDriverFactory.beforeMethod]]>
    </line>
    <line>
      <![CDATA[Completed executing following method : AdminWebDriverFactory.beforeMethod]]>
    </line>
    <line>
      <![CDATA[
STARTED TESTING: Gokomodo.FE.Web.LoginManager.Admin.tests.LoginAdmin.TestloginAdmin2
]]>
    </line>
    <line>
      <![CDATA[About to begin executing following method : LoginAdmin.TestloginAdmin2]]>
    </line>
    <line>
      <![CDATA[Completed executing following method : LoginAdmin.TestloginAdmin2]]>
    </line>
    <line>
      <![CDATA[
SUCCESSFULLY EXECUTED TEST: Gokomodo.FE.Web.LoginManager.Admin.tests.LoginAdmin.TestloginAdmin2
]]>
    </line>
    <line>
      <![CDATA[
]]>
    </line>
    <line>
      <![CDATA[About to begin executing following method : AdminWebDriverFactory.afterMethod]]>
    </line>
    <line>
      <![CDATA[Completed executing following method : AdminWebDriverFactory.afterMethod]]>
    </line>
    <line>
      <![CDATA[About to begin executing following method : AdminBaseMethod.beforeSuite]]>
    </line>
    <line>
      <![CDATA[Completed executing following method : AdminBaseMethod.beforeSuite]]>
    </line>
    <line>
      <![CDATA[About to begin executing following method : BaseMethod.beforeSuite]]>
    </line>
    <line>
      <![CDATA[Completed executing following method : BaseMethod.beforeSuite]]>
    </line>
    <line>
      <![CDATA[About to begin executing following method : BuyerBaseMethod.beforeSuite]]>
    </line>
    <line>
      <![CDATA[Completed executing following method : BuyerBaseMethod.beforeSuite]]>
    </line>
    <line>
      <![CDATA[Execution of the Suite 'End to End Web QA Gokomodo' Started!]]>
    </line>
    <line>
      <![CDATA[About to begin executing Test TestBuyerGokomodo]]>
    </line>
    <line>
      <![CDATA[About to begin executing following method : AdminWebDriverFactory.suiteSetup]]>
    </line>
    <line>
      <![CDATA[Execution of the Suite 'End to End Web QA Gokomodo' Completed!]]>
    </line>
    <line>
      <![CDATA[Execution of the Suite 'End to End Mobile Web QA Gokomodo' Started!]]>
    </line>
    <line>
      <![CDATA[About to begin executing following method : MobileWebAdminBaseMethod.beforeSuite]]>
    </line>
    <line>
      <![CDATA[Completed executing following method : MobileWebAdminBaseMethod.beforeSuite]]>
    </line>
    <line>
      <![CDATA[About to begin executing following method : MobileWebBuyerBaseMethod.beforeSuite]]>
    </line>
    <line>
      <![CDATA[Completed executing following method : MobileWebBuyerBaseMethod.beforeSuite]]>
    </line>
    <line>
      <![CDATA[About to begin executing following method : MobileWebSellerBaseMethod.beforeSuite]]>
    </line>
    <line>
      <![CDATA[Completed executing following method : MobileWebSellerBaseMethod.beforeSuite]]>
    </line>
    <line>
      <![CDATA[About to begin executing Test Mobile Android]]>
    </line>
    <line>
      <![CDATA[About to begin executing following method : MobileWebAdminBaseMethod.beforeClass]]>
    </line>
    <line>
      <![CDATA[Completed executing following method : MobileWebAdminBaseMethod.beforeClass]]>
    </line>
    <line>
      <![CDATA[
STARTED TESTING: Gokomodo.FE.MobileWeb.LoginManager.Admin.tests.MobileWebLoginAdmin.mobileWebAdminLogin
]]>
    </line>
    <line>
      <![CDATA[About to begin executing following method : MobileWebLoginAdmin.mobileWebAdminLogin]]>
    </line>
    <line>
      <![CDATA[Completed executing following method : MobileWebLoginAdmin.mobileWebAdminLogin]]>
    </line>
    <line>
      <![CDATA[
SUCCESSFULLY EXECUTED TEST: Gokomodo.FE.MobileWeb.LoginManager.Admin.tests.MobileWebLoginAdmin.mobileWebAdminLogin
]]>
    </line>
    <line>
      <![CDATA[
]]>
    </line>
    <line>
      <![CDATA[About to begin executing following method : MobileWebAdminBaseMethod.afterClass]]>
    </line>
    <line>
      <![CDATA[Completed executing following method : MobileWebAdminBaseMethod.afterClass]]>
    </line>
    <line>
      <![CDATA[About to begin executing following method : MobileWebBuyerBaseMethod.beforeClass]]>
    </line>
    <line>
      <![CDATA[Completed executing following method : MobileWebBuyerBaseMethod.beforeClass]]>
    </line>
    <line>
      <![CDATA[
STARTED TESTING: Gokomodo.FE.MobileWeb.LoginManager.Buyer.tests.MobileWebLoginBuyer.validUserName
]]>
    </line>
    <line>
      <![CDATA[About to begin executing following method : MobileWebLoginBuyer.validUserName]]>
    </line>
    <line>
      <![CDATA[Completed executing following method : MobileWebLoginBuyer.validUserName]]>
    </line>
    <line>
      <![CDATA[
SUCCESSFULLY EXECUTED TEST: Gokomodo.FE.MobileWeb.LoginManager.Buyer.tests.MobileWebLoginBuyer.validUserName
]]>
    </line>
    <line>
      <![CDATA[
]]>
    </line>
    <line>
      <![CDATA[About to begin executing following method : MobileWebBuyerBaseMethod.afterClass]]>
    </line>
    <line>
      <![CDATA[Completed executing following method : MobileWebBuyerBaseMethod.afterClass]]>
    </line>
    <line>
      <![CDATA[About to begin executing following method : MobileWebSellerBaseMethod.beforeClass]]>
    </line>
    <line>
      <![CDATA[Completed executing following method : MobileWebSellerBaseMethod.beforeClass]]>
    </line>
    <line>
      <![CDATA[
STARTED TESTING: Gokomodo.FE.MobileWeb.LoginManager.Seller.tests.MobileWebLoginSeller.validUserName
]]>
    </line>
    <line>
      <![CDATA[About to begin executing following method : MobileWebLoginSeller.validUserName]]>
    </line>
    <line>
      <![CDATA[Completed executing following method : MobileWebLoginSeller.validUserName]]>
    </line>
    <line>
      <![CDATA[
SUCCESSFULLY EXECUTED TEST: Gokomodo.FE.MobileWeb.LoginManager.Seller.tests.MobileWebLoginSeller.validUserName
]]>
    </line>
    <line>
      <![CDATA[
]]>
    </line>
    <line>
      <![CDATA[About to begin executing following method : MobileWebSellerBaseMethod.afterClass]]>
    </line>
    <line>
      <![CDATA[Completed executing following method : MobileWebSellerBaseMethod.afterClass]]>
    </line>
    <line>
      <![CDATA[Completed executing test Mobile Android]]>
    </line>
    <line>
      <![CDATA[About to begin executing Test Mobile iPhone]]>
    </line>
    <line>
      <![CDATA[About to begin executing following method : MobileWebAdminBaseMethod.beforeClass]]>
    </line>
    <line>
      <![CDATA[Completed executing following method : MobileWebAdminBaseMethod.beforeClass]]>
    </line>
    <line>
      <![CDATA[
STARTED TESTING: Gokomodo.FE.MobileWeb.LoginManager.Admin.tests.MobileWebLoginAdmin.mobileWebAdminLogin
]]>
    </line>
    <line>
      <![CDATA[About to begin executing following method : MobileWebLoginAdmin.mobileWebAdminLogin]]>
    </line>
    <line>
      <![CDATA[Completed executing following method : MobileWebLoginAdmin.mobileWebAdminLogin]]>
    </line>
    <line>
      <![CDATA[
SUCCESSFULLY EXECUTED TEST: Gokomodo.FE.MobileWeb.LoginManager.Admin.tests.MobileWebLoginAdmin.mobileWebAdminLogin
]]>
    </line>
    <line>
      <![CDATA[
]]>
    </line>
    <line>
      <![CDATA[About to begin executing following method : MobileWebAdminBaseMethod.afterClass]]>
    </line>
    <line>
      <![CDATA[Completed executing following method : MobileWebAdminBaseMethod.afterClass]]>
    </line>
    <line>
      <![CDATA[About to begin executing following method : MobileWebBuyerBaseMethod.beforeClass]]>
    </line>
    <line>
      <![CDATA[Completed executing following method : MobileWebBuyerBaseMethod.beforeClass]]>
    </line>
    <line>
      <![CDATA[
STARTED TESTING: Gokomodo.FE.MobileWeb.LoginManager.Buyer.tests.MobileWebLoginBuyer.validUserName
]]>
    </line>
    <line>
      <![CDATA[About to begin executing following method : MobileWebLoginBuyer.validUserName]]>
    </line>
    <line>
      <![CDATA[Completed executing following method : MobileWebLoginBuyer.validUserName]]>
    </line>
    <line>
      <![CDATA[
SUCCESSFULLY EXECUTED TEST: Gokomodo.FE.MobileWeb.LoginManager.Buyer.tests.MobileWebLoginBuyer.validUserName
]]>
    </line>
    <line>
      <![CDATA[
]]>
    </line>
    <line>
      <![CDATA[About to begin executing following method : MobileWebBuyerBaseMethod.afterClass]]>
    </line>
    <line>
      <![CDATA[Completed executing following method : MobileWebBuyerBaseMethod.afterClass]]>
    </line>
    <line>
      <![CDATA[About to begin executing following method : MobileWebSellerBaseMethod.beforeClass]]>
    </line>
    <line>
      <![CDATA[Completed executing following method : MobileWebSellerBaseMethod.beforeClass]]>
    </line>
    <line>
      <![CDATA[
STARTED TESTING: Gokomodo.FE.MobileWeb.LoginManager.Seller.tests.MobileWebLoginSeller.validUserName
]]>
    </line>
    <line>
      <![CDATA[About to begin executing following method : MobileWebLoginSeller.validUserName]]>
    </line>
    <line>
      <![CDATA[Completed executing following method : MobileWebLoginSeller.validUserName]]>
    </line>
    <line>
      <![CDATA[
SUCCESSFULLY EXECUTED TEST: Gokomodo.FE.MobileWeb.LoginManager.Seller.tests.MobileWebLoginSeller.validUserName
]]>
    </line>
    <line>
      <![CDATA[
]]>
    </line>
    <line>
      <![CDATA[About to begin executing following method : MobileWebSellerBaseMethod.afterClass]]>
    </line>
    <line>
      <![CDATA[Completed executing following method : MobileWebSellerBaseMethod.afterClass]]>
    </line>
    <line>
      <![CDATA[About to begin executing following method : MobileWebAdminBaseMethod.afterSuite]]>
    </line>
    <line>
      <![CDATA[Completed executing following method : MobileWebAdminBaseMethod.afterSuite]]>
    </line>
    <line>
      <![CDATA[About to begin executing following method : MobileWebBuyerBaseMethod.afterSuite]]>
    </line>
    <line>
      <![CDATA[Completed executing following method : MobileWebBuyerBaseMethod.afterSuite]]>
    </line>
    <line>
      <![CDATA[About to begin executing following method : MobileWebSellerBaseMethod.afterSuite]]>
    </line>
    <line>
      <![CDATA[Completed executing following method : MobileWebSellerBaseMethod.afterSuite]]>
    </line>
    <line>
      <![CDATA[Execution of the Suite 'End to End Mobile Web QA Gokomodo' Completed!]]>
    </line>
    <line>
      <![CDATA[Execution of the Suite 'End to End Mobile QA Gokomodo' Started!]]>
    </line>
    <line>
      <![CDATA[About to begin executing following method : MobileBuyerBaseMethod.beforeSuite]]>
    </line>
    <line>
      <![CDATA[Completed executing following method : MobileBuyerBaseMethod.beforeSuite]]>
    </line>
    <line>
      <![CDATA[About to begin executing following method : MobileSellerBaseMethod.beforeSuite]]>
    </line>
    <line>
      <![CDATA[Completed executing following method : MobileSellerBaseMethod.beforeSuite]]>
    </line>
    <line>
      <![CDATA[About to begin executing Test Mobile Android]]>
    </line>
    <line>
      <![CDATA[About to begin executing following method : MobileBuyerBaseMethod.beforeClass]]>
    </line>
    <line>
      <![CDATA[Completed executing following method : MobileBuyerBaseMethod.beforeClass]]>
    </line>
    <line>
      <![CDATA[
STARTED TESTING: Gokomodo.FE.Mobile.LoginManager.Buyer.tests.MobileLoginBuyer.mobileBuyerLogin
]]>
    </line>
    <line>
      <![CDATA[About to begin executing following method : MobileLoginBuyer.mobileBuyerLogin]]>
    </line>
    <line>
      <![CDATA[Completed executing following method : MobileLoginBuyer.mobileBuyerLogin]]>
    </line>
    <line>
      <![CDATA[
SUCCESSFULLY EXECUTED TEST: Gokomodo.FE.Mobile.LoginManager.Buyer.tests.MobileLoginBuyer.mobileBuyerLogin
]]>
    </line>
    <line>
      <![CDATA[
]]>
    </line>
    <line>
      <![CDATA[About to begin executing following method : MobileBuyerBaseMethod.afterClass]]>
    </line>
    <line>
      <![CDATA[Completed executing following method : MobileBuyerBaseMethod.afterClass]]>
    </line>
    <line>
      <![CDATA[About to begin executing following method : MobileSellerBaseMethod.beforeClass]]>
    </line>
    <line>
      <![CDATA[Completed executing following method : MobileSellerBaseMethod.beforeClass]]>
    </line>
    <line>
      <![CDATA[
STARTED TESTING: Gokomodo.FE.Mobile.LoginManager.Seller.tests.MobileLoginSeller.mobileSellerLogin
]]>
    </line>
    <line>
      <![CDATA[About to begin executing following method : MobileLoginSeller.mobileSellerLogin]]>
    </line>
    <line>
      <![CDATA[Completed executing following method : MobileLoginSeller.mobileSellerLogin]]>
    </line>
    <line>
      <![CDATA[
SUCCESSFULLY EXECUTED TEST: Gokomodo.FE.Mobile.LoginManager.Seller.tests.MobileLoginSeller.mobileSellerLogin
]]>
    </line>
    <line>
      <![CDATA[
]]>
    </line>
    <line>
      <![CDATA[About to begin executing following method : MobileSellerBaseMethod.afterClass]]>
    </line>
    <line>
      <![CDATA[Completed executing following method : MobileSellerBaseMethod.afterClass]]>
    </line>
    <line>
      <![CDATA[Completed executing test Mobile Android]]>
    </line>
    <line>
      <![CDATA[About to begin executing Test Mobile iPhone]]>
    </line>
    <line>
      <![CDATA[About to begin executing following method : MobileBuyerBaseMethod.beforeClass]]>
    </line>
    <line>
      <![CDATA[Completed executing following method : MobileBuyerBaseMethod.beforeClass]]>
    </line>
    <line>
      <![CDATA[
STARTED TESTING: Gokomodo.FE.Mobile.LoginManager.Buyer.tests.MobileLoginBuyer.mobileBuyerLogin
]]>
    </line>
    <line>
      <![CDATA[About to begin executing following method : MobileLoginBuyer.mobileBuyerLogin]]>
    </line>
    <line>
      <![CDATA[Completed executing following method : MobileLoginBuyer.mobileBuyerLogin]]>
    </line>
    <line>
      <![CDATA[
SUCCESSFULLY EXECUTED TEST: Gokomodo.FE.Mobile.LoginManager.Buyer.tests.MobileLoginBuyer.mobileBuyerLogin
]]>
    </line>
    <line>
      <![CDATA[
]]>
    </line>
    <line>
      <![CDATA[About to begin executing following method : MobileBuyerBaseMethod.afterClass]]>
    </line>
    <line>
      <![CDATA[Completed executing following method : MobileBuyerBaseMethod.afterClass]]>
    </line>
    <line>
      <![CDATA[About to begin executing following method : MobileSellerBaseMethod.beforeClass]]>
    </line>
    <line>
      <![CDATA[Completed executing following method : MobileSellerBaseMethod.beforeClass]]>
    </line>
    <line>
      <![CDATA[
STARTED TESTING: Gokomodo.FE.Mobile.LoginManager.Seller.tests.MobileLoginSeller.mobileSellerLogin
]]>
    </line>
    <line>
      <![CDATA[About to begin executing following method : MobileLoginSeller.mobileSellerLogin]]>
    </line>
    <line>
      <![CDATA[Completed executing following method : MobileLoginSeller.mobileSellerLogin]]>
    </line>
    <line>
      <![CDATA[
SUCCESSFULLY EXECUTED TEST: Gokomodo.FE.Mobile.LoginManager.Seller.tests.MobileLoginSeller.mobileSellerLogin
]]>
    </line>
    <line>
      <![CDATA[
]]>
    </line>
    <line>
      <![CDATA[About to begin executing following method : MobileSellerBaseMethod.afterClass]]>
    </line>
    <line>
      <![CDATA[Completed executing following method : MobileSellerBaseMethod.afterClass]]>
    </line>
    <line>
      <![CDATA[About to begin executing following method : MobileBuyerBaseMethod.afterSuite]]>
    </line>
    <line>
      <![CDATA[Completed executing following method : MobileBuyerBaseMethod.afterSuite]]>
    </line>
    <line>
      <![CDATA[About to begin executing following method : MobileSellerBaseMethod.afterSuite]]>
    </line>
    <line>
      <![CDATA[Completed executing following method : MobileSellerBaseMethod.afterSuite]]>
    </line>
    <line>
      <![CDATA[Execution of the Suite 'End to End Mobile QA Gokomodo' Completed!]]>
    </line>
    <line>
      <![CDATA[Execution of the Suite 'End to End REST API QA Gokomodo' Started!]]>
    </line>
    <line>
      <![CDATA[About to begin executing Test Test Rest API Gokomodo]]>
    </line>
    <line>
      <![CDATA[About to begin executing following method : PartnerTest.beforeMethod]]>
    </line>
    <line>
      <![CDATA[Completed executing following method : PartnerTest.beforeMethod]]>
    </line>
    <line>
      <![CDATA[
STARTED TESTING: Gokomodo.BE.Rest.tests.PartnerTest.loginUser
]]>
    </line>
    <line>
      <![CDATA[About to begin executing following method : PartnerTest.loginUser]]>
    </line>
    <line>
      <![CDATA[Completed executing following method : PartnerTest.loginUser]]>
    </line>
    <line>
      <![CDATA[
SUCCESSFULLY EXECUTED TEST: Gokomodo.BE.Rest.tests.PartnerTest.loginUser
]]>
    </line>
    <line>
      <![CDATA[
]]>
    </line>
    <line>
      <![CDATA[About to begin executing following method : PartnerTest.beforeMethod]]>
    </line>
    <line>
      <![CDATA[Completed executing following method : PartnerTest.beforeMethod]]>
    </line>
    <line>
      <![CDATA[
STARTED TESTING: Gokomodo.BE.Rest.tests.PartnerTest.createPartner
]]>
    </line>
    <line>
      <![CDATA[About to begin executing following method : PartnerTest.createPartner]]>
    </line>
    <line>
      <![CDATA[Completed executing following method : PartnerTest.createPartner]]>
    </line>
    <line>
      <![CDATA[
SUCCESSFULLY EXECUTED TEST: Gokomodo.BE.Rest.tests.PartnerTest.createPartner
]]>
    </line>
    <line>
      <![CDATA[
]]>
    </line>
    <line>
      <![CDATA[About to begin executing following method : PartnerTest.beforeMethod]]>
    </line>
    <line>
      <![CDATA[Completed executing following method : PartnerTest.beforeMethod]]>
    </line>
    <line>
      <![CDATA[
STARTED TESTING: Gokomodo.BE.Rest.tests.PartnerTest.findPartnerById
]]>
    </line>
    <line>
      <![CDATA[About to begin executing following method : PartnerTest.findPartnerById]]>
    </line>
    <line>
      <![CDATA[Completed executing following method : PartnerTest.findPartnerById]]>
    </line>
    <line>
      <![CDATA[
SUCCESSFULLY EXECUTED TEST: Gokomodo.BE.Rest.tests.PartnerTest.findPartnerById
]]>
    </line>
    <line>
      <![CDATA[
]]>
    </line>
    <line>
      <![CDATA[About to begin executing following method : ProductTest.beforeMethod]]>
    </line>
    <line>
      <![CDATA[Completed executing following method : ProductTest.beforeMethod]]>
    </line>
    <line>
      <![CDATA[
STARTED TESTING: Gokomodo.BE.Rest.tests.ProductTest.loginUser
]]>
    </line>
    <line>
      <![CDATA[About to begin executing following method : ProductTest.loginUser]]>
    </line>
    <line>
      <![CDATA[Completed executing following method : ProductTest.loginUser]]>
    </line>
    <line>
      <![CDATA[
SUCCESSFULLY EXECUTED TEST: Gokomodo.BE.Rest.tests.ProductTest.loginUser
]]>
    </line>
    <line>
      <![CDATA[
]]>
    </line>
    <line>
      <![CDATA[About to begin executing following method : ProductTest.beforeMethod]]>
    </line>
    <line>
      <![CDATA[Completed executing following method : ProductTest.beforeMethod]]>
    </line>
    <line>
      <![CDATA[
STARTED TESTING: Gokomodo.BE.Rest.tests.ProductTest.createProduct
]]>
    </line>
    <line>
      <![CDATA[About to begin executing following method : ProductTest.createProduct]]>
    </line>
    <line>
      <![CDATA[Completed executing following method : ProductTest.createProduct]]>
    </line>
    <line>
      <![CDATA[
SUCCESSFULLY EXECUTED TEST: Gokomodo.BE.Rest.tests.ProductTest.createProduct
]]>
    </line>
    <line>
      <![CDATA[
]]>
    </line>
    <line>
      <![CDATA[About to begin executing following method : ProductTest.beforeMethod]]>
    </line>
    <line>
      <![CDATA[Completed executing following method : ProductTest.beforeMethod]]>
    </line>
    <line>
      <![CDATA[
STARTED TESTING: Gokomodo.BE.Rest.tests.ProductTest.findProductById
]]>
    </line>
    <line>
      <![CDATA[About to begin executing following method : ProductTest.findProductById]]>
    </line>
    <line>
      <![CDATA[Completed executing following method : ProductTest.findProductById]]>
    </line>
    <line>
      <![CDATA[
SUCCESSFULLY EXECUTED TEST: Gokomodo.BE.Rest.tests.ProductTest.findProductById
]]>
    </line>
    <line>
      <![CDATA[
]]>
    </line>
  </reporter-output>
  <suite name="End to End QA Gokomodo" duration-ms="0" started-at="2022-11-15T13:40:22 WIB" finished-at="2022-11-15T13:40:22 WIB">
    <groups>
    </groups>
  </suite> <!-- End to End QA Gokomodo -->
  <suite name="End to End REST API QA Gokomodo" duration-ms="6296" started-at="2022-11-15T13:40:15 WIB" finished-at="2022-11-15T13:40:22 WIB">
    <groups>
    </groups>
    <test name="Test Rest API Gokomodo" duration-ms="6296" started-at="2022-11-15T13:40:15 WIB" finished-at="2022-11-15T13:40:22 WIB">
      <class name="Gokomodo.BE.Rest.tests.PartnerTest">
        <test-method status="PASS" signature="beforeMethod(java.lang.reflect.Method)[pri:0, instance:Gokomodo.BE.Rest.tests.PartnerTest@7a40e452]" name="beforeMethod" is-config="true" duration-ms="106" started-at="2022-11-15T13:40:15 WIB" finished-at="2022-11-15T13:40:15 WIB">
          <params>
            <param index="0">
              <value>
                <![CDATA[public void Gokomodo.BE.Rest.tests.PartnerTest.loginUser() throws java.io.IOException,org.json.simple.parser.ParseException]]>
              </value>
            </param>
          </params>
          <reporter-output>
            <line>
              <![CDATA[Completed executing following method : PartnerTest.beforeMethod]]>
            </line>
          </reporter-output>
        </test-method> <!-- beforeMethod -->
        <test-method status="PASS" signature="loginUser()[pri:1, instance:Gokomodo.BE.Rest.tests.PartnerTest@7a40e452]" name="loginUser" duration-ms="4797" started-at="2022-11-15T13:40:15 WIB" description="Rest API Test of Login Authentication" finished-at="2022-11-15T13:40:20 WIB">
          <reporter-output>
            <line>
              <![CDATA[
STARTED TESTING: Gokomodo.BE.Rest.tests.PartnerTest.loginUser
]]>
            </line>
            <line>
              <![CDATA[About to begin executing following method : PartnerTest.loginUser]]>
            </line>
            <line>
              <![CDATA[Completed executing following method : PartnerTest.loginUser]]>
            </line>
            <line>
              <![CDATA[
SUCCESSFULLY EXECUTED TEST: Gokomodo.BE.Rest.tests.PartnerTest.loginUser
]]>
            </line>
            <line>
              <![CDATA[
]]>
            </line>
          </reporter-output>
        </test-method> <!-- loginUser -->
        <test-method status="PASS" signature="beforeMethod(java.lang.reflect.Method)[pri:0, instance:Gokomodo.BE.Rest.tests.PartnerTest@7a40e452]" name="beforeMethod" is-config="true" duration-ms="3" started-at="2022-11-15T13:40:20 WIB" finished-at="2022-11-15T13:40:20 WIB">
          <params>
            <param index="0">
              <value>
                <![CDATA[public void Gokomodo.BE.Rest.tests.PartnerTest.createPartner() throws java.io.IOException,org.json.simple.parser.ParseException]]>
              </value>
            </param>
          </params>
          <reporter-output>
            <line>
              <![CDATA[Completed executing following method : PartnerTest.beforeMethod]]>
            </line>
          </reporter-output>
        </test-method> <!-- beforeMethod -->
        <test-method status="PASS" signature="createPartner()[pri:2, instance:Gokomodo.BE.Rest.tests.PartnerTest@7a40e452]" name="createPartner" duration-ms="415" started-at="2022-11-15T13:40:20 WIB" description="Rest API Test of Create Partner" finished-at="2022-11-15T13:40:21 WIB">
          <reporter-output>
            <line>
              <![CDATA[
STARTED TESTING: Gokomodo.BE.Rest.tests.PartnerTest.createPartner
]]>
            </line>
            <line>
              <![CDATA[About to begin executing following method : PartnerTest.createPartner]]>
            </line>
            <line>
              <![CDATA[Completed executing following method : PartnerTest.createPartner]]>
            </line>
            <line>
              <![CDATA[
SUCCESSFULLY EXECUTED TEST: Gokomodo.BE.Rest.tests.PartnerTest.createPartner
]]>
            </line>
            <line>
              <![CDATA[
]]>
            </line>
          </reporter-output>
        </test-method> <!-- createPartner -->
        <test-method status="PASS" signature="beforeMethod(java.lang.reflect.Method)[pri:0, instance:Gokomodo.BE.Rest.tests.PartnerTest@7a40e452]" name="beforeMethod" is-config="true" duration-ms="2" started-at="2022-11-15T13:40:21 WIB" finished-at="2022-11-15T13:40:21 WIB">
          <params>
            <param index="0">
              <value>
                <![CDATA[public void Gokomodo.BE.Rest.tests.PartnerTest.findPartnerById() throws java.io.IOException,org.json.simple.parser.ParseException]]>
              </value>
            </param>
          </params>
          <reporter-output>
            <line>
              <![CDATA[Completed executing following method : PartnerTest.beforeMethod]]>
            </line>
          </reporter-output>
        </test-method> <!-- beforeMethod -->
        <test-method status="PASS" signature="findPartnerById()[pri:3, instance:Gokomodo.BE.Rest.tests.PartnerTest@7a40e452]" name="findPartnerById" duration-ms="303" started-at="2022-11-15T13:40:21 WIB" description="Rest API Test of Find Partner by ID" finished-at="2022-11-15T13:40:21 WIB">
          <reporter-output>
            <line>
              <![CDATA[
STARTED TESTING: Gokomodo.BE.Rest.tests.PartnerTest.findPartnerById
]]>
            </line>
            <line>
              <![CDATA[About to begin executing following method : PartnerTest.findPartnerById]]>
            </line>
            <line>
              <![CDATA[Completed executing following method : PartnerTest.findPartnerById]]>
            </line>
            <line>
              <![CDATA[
SUCCESSFULLY EXECUTED TEST: Gokomodo.BE.Rest.tests.PartnerTest.findPartnerById
]]>
            </line>
            <line>
              <![CDATA[
]]>
            </line>
          </reporter-output>
        </test-method> <!-- findPartnerById -->
      </class> <!-- Gokomodo.BE.Rest.tests.PartnerTest -->
      <class name="Gokomodo.BE.Rest.tests.ProductTest">
        <test-method status="PASS" signature="beforeMethod(java.lang.reflect.Method)[pri:0, instance:Gokomodo.BE.Rest.tests.ProductTest@60d501f6]" name="beforeMethod" is-config="true" duration-ms="1" started-at="2022-11-15T13:40:21 WIB" finished-at="2022-11-15T13:40:21 WIB">
          <params>
            <param index="0">
              <value>
                <![CDATA[public void Gokomodo.BE.Rest.tests.ProductTest.loginUser() throws java.io.IOException,org.json.simple.parser.ParseException]]>
              </value>
            </param>
          </params>
          <reporter-output>
            <line>
              <![CDATA[Completed executing following method : ProductTest.beforeMethod]]>
            </line>
          </reporter-output>
        </test-method> <!-- beforeMethod -->
        <test-method status="PASS" signature="loginUser()[pri:1, instance:Gokomodo.BE.Rest.tests.ProductTest@60d501f6]" name="loginUser" duration-ms="234" started-at="2022-11-15T13:40:21 WIB" description="Rest API Test of Login Authentication" finished-at="2022-11-15T13:40:21 WIB">
          <reporter-output>
            <line>
              <![CDATA[
STARTED TESTING: Gokomodo.BE.Rest.tests.ProductTest.loginUser
]]>
            </line>
            <line>
              <![CDATA[About to begin executing following method : ProductTest.loginUser]]>
            </line>
            <line>
              <![CDATA[Completed executing following method : ProductTest.loginUser]]>
            </line>
            <line>
              <![CDATA[
SUCCESSFULLY EXECUTED TEST: Gokomodo.BE.Rest.tests.ProductTest.loginUser
]]>
            </line>
            <line>
              <![CDATA[
]]>
            </line>
          </reporter-output>
        </test-method> <!-- loginUser -->
        <test-method status="PASS" signature="beforeMethod(java.lang.reflect.Method)[pri:0, instance:Gokomodo.BE.Rest.tests.ProductTest@60d501f6]" name="beforeMethod" is-config="true" duration-ms="1" started-at="2022-11-15T13:40:21 WIB" finished-at="2022-11-15T13:40:21 WIB">
          <params>
            <param index="0">
              <value>
                <![CDATA[public void Gokomodo.BE.Rest.tests.ProductTest.createProduct() throws java.io.IOException,org.json.simple.parser.ParseException]]>
              </value>
            </param>
          </params>
          <reporter-output>
            <line>
              <![CDATA[Completed executing following method : ProductTest.beforeMethod]]>
            </line>
          </reporter-output>
        </test-method> <!-- beforeMethod -->
        <test-method status="PASS" signature="createProduct()[pri:2, instance:Gokomodo.BE.Rest.tests.ProductTest@60d501f6]" name="createProduct" duration-ms="182" started-at="2022-11-15T13:40:21 WIB" description="Rest API Test of Create Product" finished-at="2022-11-15T13:40:21 WIB">
          <reporter-output>
            <line>
              <![CDATA[
STARTED TESTING: Gokomodo.BE.Rest.tests.ProductTest.createProduct
]]>
            </line>
            <line>
              <![CDATA[About to begin executing following method : ProductTest.createProduct]]>
            </line>
            <line>
              <![CDATA[Completed executing following method : ProductTest.createProduct]]>
            </line>
            <line>
              <![CDATA[
SUCCESSFULLY EXECUTED TEST: Gokomodo.BE.Rest.tests.ProductTest.createProduct
]]>
            </line>
            <line>
              <![CDATA[
]]>
            </line>
          </reporter-output>
        </test-method> <!-- createProduct -->
        <test-method status="PASS" signature="beforeMethod(java.lang.reflect.Method)[pri:0, instance:Gokomodo.BE.Rest.tests.ProductTest@60d501f6]" name="beforeMethod" is-config="true" duration-ms="1" started-at="2022-11-15T13:40:21 WIB" finished-at="2022-11-15T13:40:21 WIB">
          <params>
            <param index="0">
              <value>
                <![CDATA[public void Gokomodo.BE.Rest.tests.ProductTest.findProductById() throws java.io.IOException,org.json.simple.parser.ParseException]]>
              </value>
            </param>
          </params>
          <reporter-output>
            <line>
              <![CDATA[Completed executing following method : ProductTest.beforeMethod]]>
            </line>
          </reporter-output>
        </test-method> <!-- beforeMethod -->
        <test-method status="PASS" signature="findProductById()[pri:3, instance:Gokomodo.BE.Rest.tests.ProductTest@60d501f6]" name="findProductById" duration-ms="217" started-at="2022-11-15T13:40:21 WIB" description="Rest API Test of Find Product by ID" finished-at="2022-11-15T13:40:22 WIB">
          <reporter-output>
            <line>
              <![CDATA[
STARTED TESTING: Gokomodo.BE.Rest.tests.ProductTest.findProductById
]]>
            </line>
            <line>
              <![CDATA[About to begin executing following method : ProductTest.findProductById]]>
            </line>
            <line>
              <![CDATA[Completed executing following method : ProductTest.findProductById]]>
            </line>
            <line>
              <![CDATA[
SUCCESSFULLY EXECUTED TEST: Gokomodo.BE.Rest.tests.ProductTest.findProductById
]]>
            </line>
            <line>
              <![CDATA[
]]>
            </line>
          </reporter-output>
        </test-method> <!-- findProductById -->
      </class> <!-- Gokomodo.BE.Rest.tests.ProductTest -->
    </test> <!-- Test Rest API Gokomodo -->
  </suite> <!-- End to End REST API QA Gokomodo -->
  <suite name="End to End Mobile QA Gokomodo" duration-ms="206465" started-at="2022-11-15T13:36:44 WIB" finished-at="2022-11-15T13:40:10 WIB">
    <groups>
    </groups>
    <test name="Mobile Android" duration-ms="25925" started-at="2022-11-15T13:36:44 WIB" finished-at="2022-11-15T13:37:10 WIB">
      <class name="Gokomodo.FE.Mobile.LoginManager.Buyer.tests.MobileLoginBuyer">
        <test-method status="PASS" signature="beforeClass(java.lang.String,java.lang.String,java.lang.String)[pri:0, instance:Gokomodo.FE.Mobile.LoginManager.Buyer.tests.MobileLoginBuyer@212b37d2]" name="beforeClass" is-config="true" duration-ms="9786" started-at="2022-11-15T13:36:44 WIB" finished-at="2022-11-15T13:36:54 WIB">
          <params>
            <param index="0">
              <value>
                <![CDATA[true]]>
              </value>
            </param>
            <param index="1">
              <value>
                <![CDATA[Android]]>
              </value>
            </param>
            <param index="2">
              <value>
                <![CDATA[Android Emulator]]>
              </value>
            </param>
          </params>
          <reporter-output>
            <line>
              <![CDATA[Completed executing following method : MobileBuyerBaseMethod.beforeClass]]>
            </line>
          </reporter-output>
        </test-method> <!-- beforeClass -->
        <test-method status="PASS" signature="mobileBuyerLogin()[pri:0, instance:Gokomodo.FE.Mobile.LoginManager.Buyer.tests.MobileLoginBuyer@212b37d2]" name="mobileBuyerLogin" duration-ms="5435" started-at="2022-11-15T13:36:54 WIB" description="Mobile buyer login test" finished-at="2022-11-15T13:36:59 WIB">
          <reporter-output>
            <line>
              <![CDATA[
STARTED TESTING: Gokomodo.FE.Mobile.LoginManager.Buyer.tests.MobileLoginBuyer.mobileBuyerLogin
]]>
            </line>
            <line>
              <![CDATA[About to begin executing following method : MobileLoginBuyer.mobileBuyerLogin]]>
            </line>
            <line>
              <![CDATA[Completed executing following method : MobileLoginBuyer.mobileBuyerLogin]]>
            </line>
            <line>
              <![CDATA[
SUCCESSFULLY EXECUTED TEST: Gokomodo.FE.Mobile.LoginManager.Buyer.tests.MobileLoginBuyer.mobileBuyerLogin
]]>
            </line>
            <line>
              <![CDATA[
]]>
            </line>
          </reporter-output>
        </test-method> <!-- mobileBuyerLogin -->
        <test-method status="PASS" signature="afterClass()[pri:0, instance:Gokomodo.FE.Mobile.LoginManager.Buyer.tests.MobileLoginBuyer@212b37d2]" name="afterClass" is-config="true" duration-ms="169" started-at="2022-11-15T13:36:59 WIB" finished-at="2022-11-15T13:36:59 WIB">
          <reporter-output>
            <line>
              <![CDATA[Completed executing following method : MobileBuyerBaseMethod.afterClass]]>
            </line>
          </reporter-output>
        </test-method> <!-- afterClass -->
      </class> <!-- Gokomodo.FE.Mobile.LoginManager.Buyer.tests.MobileLoginBuyer -->
      <class name="Gokomodo.FE.Mobile.LoginManager.Seller.tests.MobileLoginSeller">
        <test-method status="PASS" signature="beforeClass(java.lang.String,java.lang.String,java.lang.String)[pri:0, instance:Gokomodo.FE.Mobile.LoginManager.Seller.tests.MobileLoginSeller@39fe414f]" name="beforeClass" is-config="true" duration-ms="5612" started-at="2022-11-15T13:36:59 WIB" finished-at="2022-11-15T13:37:05 WIB">
          <params>
            <param index="0">
              <value>
                <![CDATA[true]]>
              </value>
            </param>
            <param index="1">
              <value>
                <![CDATA[Android]]>
              </value>
            </param>
            <param index="2">
              <value>
                <![CDATA[Android Emulator]]>
              </value>
            </param>
          </params>
          <reporter-output>
            <line>
              <![CDATA[Completed executing following method : MobileSellerBaseMethod.beforeClass]]>
            </line>
          </reporter-output>
        </test-method> <!-- beforeClass -->
        <test-method status="PASS" signature="mobileSellerLogin()[pri:0, instance:Gokomodo.FE.Mobile.LoginManager.Seller.tests.MobileLoginSeller@39fe414f]" name="mobileSellerLogin" duration-ms="4697" started-at="2022-11-15T13:37:05 WIB" description="Mobile seller login test" finished-at="2022-11-15T13:37:10 WIB">
          <reporter-output>
            <line>
              <![CDATA[
STARTED TESTING: Gokomodo.FE.Mobile.LoginManager.Seller.tests.MobileLoginSeller.mobileSellerLogin
]]>
            </line>
            <line>
              <![CDATA[About to begin executing following method : MobileLoginSeller.mobileSellerLogin]]>
            </line>
            <line>
              <![CDATA[Completed executing following method : MobileLoginSeller.mobileSellerLogin]]>
            </line>
            <line>
              <![CDATA[
SUCCESSFULLY EXECUTED TEST: Gokomodo.FE.Mobile.LoginManager.Seller.tests.MobileLoginSeller.mobileSellerLogin
]]>
            </line>
            <line>
              <![CDATA[
]]>
            </line>
          </reporter-output>
        </test-method> <!-- mobileSellerLogin -->
        <test-method status="PASS" signature="afterClass()[pri:0, instance:Gokomodo.FE.Mobile.LoginManager.Seller.tests.MobileLoginSeller@39fe414f]" name="afterClass" is-config="true" duration-ms="171" started-at="2022-11-15T13:37:10 WIB" finished-at="2022-11-15T13:37:10 WIB">
          <reporter-output>
            <line>
              <![CDATA[Completed executing following method : MobileSellerBaseMethod.afterClass]]>
            </line>
          </reporter-output>
        </test-method> <!-- afterClass -->
      </class> <!-- Gokomodo.FE.Mobile.LoginManager.Seller.tests.MobileLoginSeller -->
    </test> <!-- Mobile Android -->
    <test name="Mobile iPhone" duration-ms="180524" started-at="2022-11-15T13:37:10 WIB" finished-at="2022-11-15T13:40:10 WIB">
      <class name="Gokomodo.FE.Mobile.LoginManager.Buyer.tests.MobileLoginBuyer">
        <test-method status="PASS" signature="beforeSuite()[pri:0, instance:Gokomodo.FE.Mobile.LoginManager.Buyer.tests.MobileLoginBuyer@5a7380a5]" name="beforeSuite" is-config="true" duration-ms="6886" started-at="2022-11-15T13:36:37 WIB" finished-at="2022-11-15T13:36:44 WIB">
          <reporter-output>
            <line>
              <![CDATA[Completed executing following method : MobileBuyerBaseMethod.beforeSuite]]>
            </line>
          </reporter-output>
        </test-method> <!-- beforeSuite -->
        <test-method status="PASS" signature="beforeClass(java.lang.String,java.lang.String,java.lang.String)[pri:0, instance:Gokomodo.FE.Mobile.LoginManager.Buyer.tests.MobileLoginBuyer@5a7380a5]" name="beforeClass" is-config="true" duration-ms="92298" started-at="2022-11-15T13:37:10 WIB" finished-at="2022-11-15T13:38:42 WIB">
          <params>
            <param index="0">
              <value>
                <![CDATA[true]]>
              </value>
            </param>
            <param index="1">
              <value>
                <![CDATA[iOS]]>
              </value>
            </param>
            <param index="2">
              <value>
                <![CDATA[iPhone 12]]>
              </value>
            </param>
          </params>
          <reporter-output>
            <line>
              <![CDATA[Completed executing following method : MobileBuyerBaseMethod.beforeClass]]>
            </line>
          </reporter-output>
        </test-method> <!-- beforeClass -->
        <test-method status="PASS" signature="mobileBuyerLogin()[pri:0, instance:Gokomodo.FE.Mobile.LoginManager.Buyer.tests.MobileLoginBuyer@5a7380a5]" name="mobileBuyerLogin" duration-ms="9834" started-at="2022-11-15T13:38:42 WIB" description="Mobile buyer login test" finished-at="2022-11-15T13:38:52 WIB">
          <reporter-output>
            <line>
              <![CDATA[
STARTED TESTING: Gokomodo.FE.Mobile.LoginManager.Buyer.tests.MobileLoginBuyer.mobileBuyerLogin
]]>
            </line>
            <line>
              <![CDATA[About to begin executing following method : MobileLoginBuyer.mobileBuyerLogin]]>
            </line>
            <line>
              <![CDATA[Completed executing following method : MobileLoginBuyer.mobileBuyerLogin]]>
            </line>
            <line>
              <![CDATA[
SUCCESSFULLY EXECUTED TEST: Gokomodo.FE.Mobile.LoginManager.Buyer.tests.MobileLoginBuyer.mobileBuyerLogin
]]>
            </line>
            <line>
              <![CDATA[
]]>
            </line>
          </reporter-output>
        </test-method> <!-- mobileBuyerLogin -->
        <test-method status="PASS" signature="afterClass()[pri:0, instance:Gokomodo.FE.Mobile.LoginManager.Buyer.tests.MobileLoginBuyer@5a7380a5]" name="afterClass" is-config="true" duration-ms="6309" started-at="2022-11-15T13:38:52 WIB" finished-at="2022-11-15T13:38:58 WIB">
          <reporter-output>
            <line>
              <![CDATA[Completed executing following method : MobileBuyerBaseMethod.afterClass]]>
            </line>
          </reporter-output>
        </test-method> <!-- afterClass -->
        <test-method status="PASS" signature="afterSuite()[pri:0, instance:Gokomodo.FE.Mobile.LoginManager.Buyer.tests.MobileLoginBuyer@5a7380a5]" name="afterSuite" is-config="true" duration-ms="4759" started-at="2022-11-15T13:40:10 WIB" finished-at="2022-11-15T13:40:15 WIB">
          <reporter-output>
            <line>
              <![CDATA[Completed executing following method : MobileBuyerBaseMethod.afterSuite]]>
            </line>
          </reporter-output>
        </test-method> <!-- afterSuite -->
      </class> <!-- Gokomodo.FE.Mobile.LoginManager.Buyer.tests.MobileLoginBuyer -->
      <class name="Gokomodo.FE.Mobile.LoginManager.Seller.tests.MobileLoginSeller">
        <test-method status="PASS" signature="beforeSuite()[pri:0, instance:Gokomodo.FE.Mobile.LoginManager.Seller.tests.MobileLoginSeller@517e942b]" name="beforeSuite" is-config="true" duration-ms="9" started-at="2022-11-15T13:36:44 WIB" finished-at="2022-11-15T13:36:44 WIB">
          <reporter-output>
            <line>
              <![CDATA[Completed executing following method : MobileSellerBaseMethod.beforeSuite]]>
            </line>
          </reporter-output>
        </test-method> <!-- beforeSuite -->
        <test-method status="PASS" signature="beforeClass(java.lang.String,java.lang.String,java.lang.String)[pri:0, instance:Gokomodo.FE.Mobile.LoginManager.Seller.tests.MobileLoginSeller@517e942b]" name="beforeClass" is-config="true" duration-ms="53898" started-at="2022-11-15T13:38:58 WIB" finished-at="2022-11-15T13:39:52 WIB">
          <params>
            <param index="0">
              <value>
                <![CDATA[true]]>
              </value>
            </param>
            <param index="1">
              <value>
                <![CDATA[iOS]]>
              </value>
            </param>
            <param index="2">
              <value>
                <![CDATA[iPhone 12]]>
              </value>
            </param>
          </params>
          <reporter-output>
            <line>
              <![CDATA[Completed executing following method : MobileSellerBaseMethod.beforeClass]]>
            </line>
          </reporter-output>
        </test-method> <!-- beforeClass -->
        <test-method status="PASS" signature="mobileSellerLogin()[pri:0, instance:Gokomodo.FE.Mobile.LoginManager.Seller.tests.MobileLoginSeller@517e942b]" name="mobileSellerLogin" duration-ms="11720" started-at="2022-11-15T13:39:52 WIB" description="Mobile seller login test" finished-at="2022-11-15T13:40:04 WIB">
          <reporter-output>
            <line>
              <![CDATA[
STARTED TESTING: Gokomodo.FE.Mobile.LoginManager.Seller.tests.MobileLoginSeller.mobileSellerLogin
]]>
            </line>
            <line>
              <![CDATA[About to begin executing following method : MobileLoginSeller.mobileSellerLogin]]>
            </line>
            <line>
              <![CDATA[Completed executing following method : MobileLoginSeller.mobileSellerLogin]]>
            </line>
            <line>
              <![CDATA[
SUCCESSFULLY EXECUTED TEST: Gokomodo.FE.Mobile.LoginManager.Seller.tests.MobileLoginSeller.mobileSellerLogin
]]>
            </line>
            <line>
              <![CDATA[
]]>
            </line>
          </reporter-output>
        </test-method> <!-- mobileSellerLogin -->
        <test-method status="PASS" signature="afterClass()[pri:0, instance:Gokomodo.FE.Mobile.LoginManager.Seller.tests.MobileLoginSeller@517e942b]" name="afterClass" is-config="true" duration-ms="6362" started-at="2022-11-15T13:40:04 WIB" finished-at="2022-11-15T13:40:10 WIB">
          <reporter-output>
            <line>
              <![CDATA[Completed executing following method : MobileSellerBaseMethod.afterClass]]>
            </line>
          </reporter-output>
        </test-method> <!-- afterClass -->
        <test-method status="PASS" signature="afterSuite()[pri:0, instance:Gokomodo.FE.Mobile.LoginManager.Seller.tests.MobileLoginSeller@517e942b]" name="afterSuite" is-config="true" duration-ms="1" started-at="2022-11-15T13:40:15 WIB" finished-at="2022-11-15T13:40:15 WIB">
          <reporter-output>
            <line>
              <![CDATA[Completed executing following method : MobileSellerBaseMethod.afterSuite]]>
            </line>
          </reporter-output>
        </test-method> <!-- afterSuite -->
      </class> <!-- Gokomodo.FE.Mobile.LoginManager.Seller.tests.MobileLoginSeller -->
    </test> <!-- Mobile iPhone -->
  </suite> <!-- End to End Mobile QA Gokomodo -->
  <suite name="End to End Mobile Web QA Gokomodo" duration-ms="370961" started-at="2022-11-15T13:30:21 WIB" finished-at="2022-11-15T13:36:32 WIB">
    <groups>
    </groups>
    <test name="Mobile Android" duration-ms="31256" started-at="2022-11-15T13:30:21 WIB" finished-at="2022-11-15T13:30:53 WIB">
      <class name="Gokomodo.FE.MobileWeb.LoginManager.Admin.tests.MobileWebLoginAdmin">
        <test-method status="PASS" signature="beforeClass(java.lang.String,java.lang.String,java.lang.String)[pri:0, instance:Gokomodo.FE.MobileWeb.LoginManager.Admin.tests.MobileWebLoginAdmin@11b7e565]" name="beforeClass" is-config="true" duration-ms="12575" started-at="2022-11-15T13:30:21 WIB" finished-at="2022-11-15T13:30:34 WIB">
          <params>
            <param index="0">
              <value>
                <![CDATA[true]]>
              </value>
            </param>
            <param index="1">
              <value>
                <![CDATA[Android]]>
              </value>
            </param>
            <param index="2">
              <value>
                <![CDATA[Android_Emulator]]>
              </value>
            </param>
          </params>
          <reporter-output>
            <line>
              <![CDATA[Completed executing following method : MobileWebAdminBaseMethod.beforeClass]]>
            </line>
          </reporter-output>
        </test-method> <!-- beforeClass -->
        <test-method status="PASS" signature="mobileWebAdminLogin()[pri:0, instance:Gokomodo.FE.MobileWeb.LoginManager.Admin.tests.MobileWebLoginAdmin@11b7e565]" name="mobileWebAdminLogin" duration-ms="1953" started-at="2022-11-15T13:30:34 WIB" description="Mobile web admin login test" finished-at="2022-11-15T13:30:36 WIB">
          <reporter-output>
            <line>
              <![CDATA[
STARTED TESTING: Gokomodo.FE.MobileWeb.LoginManager.Admin.tests.MobileWebLoginAdmin.mobileWebAdminLogin
]]>
            </line>
            <line>
              <![CDATA[About to begin executing following method : MobileWebLoginAdmin.mobileWebAdminLogin]]>
            </line>
            <line>
              <![CDATA[Completed executing following method : MobileWebLoginAdmin.mobileWebAdminLogin]]>
            </line>
            <line>
              <![CDATA[
SUCCESSFULLY EXECUTED TEST: Gokomodo.FE.MobileWeb.LoginManager.Admin.tests.MobileWebLoginAdmin.mobileWebAdminLogin
]]>
            </line>
            <line>
              <![CDATA[
]]>
            </line>
          </reporter-output>
        </test-method> <!-- mobileWebAdminLogin -->
        <test-method status="PASS" signature="afterClass()[pri:0, instance:Gokomodo.FE.MobileWeb.LoginManager.Admin.tests.MobileWebLoginAdmin@11b7e565]" name="afterClass" is-config="true" duration-ms="250" started-at="2022-11-15T13:30:36 WIB" finished-at="2022-11-15T13:30:36 WIB">
          <reporter-output>
            <line>
              <![CDATA[Completed executing following method : MobileWebAdminBaseMethod.afterClass]]>
            </line>
          </reporter-output>
        </test-method> <!-- afterClass -->
      </class> <!-- Gokomodo.FE.MobileWeb.LoginManager.Admin.tests.MobileWebLoginAdmin -->
      <class name="Gokomodo.FE.MobileWeb.LoginManager.Seller.tests.MobileWebLoginSeller">
        <test-method status="PASS" signature="beforeClass(java.lang.String,java.lang.String,java.lang.String)[pri:0, instance:Gokomodo.FE.MobileWeb.LoginManager.Seller.tests.MobileWebLoginSeller@7c8b8540]" name="beforeClass" is-config="true" duration-ms="5101" started-at="2022-11-15T13:30:45 WIB" finished-at="2022-11-15T13:30:50 WIB">
          <params>
            <param index="0">
              <value>
                <![CDATA[true]]>
              </value>
            </param>
            <param index="1">
              <value>
                <![CDATA[Android]]>
              </value>
            </param>
            <param index="2">
              <value>
                <![CDATA[Android_Emulator]]>
              </value>
            </param>
          </params>
          <reporter-output>
            <line>
              <![CDATA[Completed executing following method : MobileWebSellerBaseMethod.beforeClass]]>
            </line>
          </reporter-output>
        </test-method> <!-- beforeClass -->
        <test-method status="PASS" signature="validUserName()[pri:0, instance:Gokomodo.FE.MobileWeb.LoginManager.Seller.tests.MobileWebLoginSeller@7c8b8540]" name="validUserName" duration-ms="2387" started-at="2022-11-15T13:30:50 WIB" description="Mobile seller web login Test" finished-at="2022-11-15T13:30:52 WIB">
          <reporter-output>
            <line>
              <![CDATA[
STARTED TESTING: Gokomodo.FE.MobileWeb.LoginManager.Seller.tests.MobileWebLoginSeller.validUserName
]]>
            </line>
            <line>
              <![CDATA[About to begin executing following method : MobileWebLoginSeller.validUserName]]>
            </line>
            <line>
              <![CDATA[Completed executing following method : MobileWebLoginSeller.validUserName]]>
            </line>
            <line>
              <![CDATA[
SUCCESSFULLY EXECUTED TEST: Gokomodo.FE.MobileWeb.LoginManager.Seller.tests.MobileWebLoginSeller.validUserName
]]>
            </line>
            <line>
              <![CDATA[
]]>
            </line>
          </reporter-output>
        </test-method> <!-- validUserName -->
        <test-method status="PASS" signature="afterClass()[pri:0, instance:Gokomodo.FE.MobileWeb.LoginManager.Seller.tests.MobileWebLoginSeller@7c8b8540]" name="afterClass" is-config="true" duration-ms="265" started-at="2022-11-15T13:30:52 WIB" finished-at="2022-11-15T13:30:53 WIB">
          <reporter-output>
            <line>
              <![CDATA[Completed executing following method : MobileWebSellerBaseMethod.afterClass]]>
            </line>
          </reporter-output>
        </test-method> <!-- afterClass -->
      </class> <!-- Gokomodo.FE.MobileWeb.LoginManager.Seller.tests.MobileWebLoginSeller -->
      <class name="Gokomodo.FE.MobileWeb.LoginManager.Buyer.tests.MobileWebLoginBuyer">
        <test-method status="PASS" signature="beforeClass(java.lang.String,java.lang.String,java.lang.String)[pri:0, instance:Gokomodo.FE.MobileWeb.LoginManager.Buyer.tests.MobileWebLoginBuyer@77fffd89]" name="beforeClass" is-config="true" duration-ms="5633" started-at="2022-11-15T13:30:36 WIB" finished-at="2022-11-15T13:30:42 WIB">
          <params>
            <param index="0">
              <value>
                <![CDATA[true]]>
              </value>
            </param>
            <param index="1">
              <value>
                <![CDATA[Android]]>
              </value>
            </param>
            <param index="2">
              <value>
                <![CDATA[Android_Emulator]]>
              </value>
            </param>
          </params>
          <reporter-output>
            <line>
              <![CDATA[Completed executing following method : MobileWebBuyerBaseMethod.beforeClass]]>
            </line>
          </reporter-output>
        </test-method> <!-- beforeClass -->
        <test-method status="PASS" signature="validUserName()[pri:0, instance:Gokomodo.FE.MobileWeb.LoginManager.Buyer.tests.MobileWebLoginBuyer@77fffd89]" name="validUserName" duration-ms="2758" started-at="2022-11-15T13:30:42 WIB" description="Mobile web admin login test" finished-at="2022-11-15T13:30:45 WIB">
          <reporter-output>
            <line>
              <![CDATA[
STARTED TESTING: Gokomodo.FE.MobileWeb.LoginManager.Buyer.tests.MobileWebLoginBuyer.validUserName
]]>
            </line>
            <line>
              <![CDATA[About to begin executing following method : MobileWebLoginBuyer.validUserName]]>
            </line>
            <line>
              <![CDATA[Completed executing following method : MobileWebLoginBuyer.validUserName]]>
            </line>
            <line>
              <![CDATA[
SUCCESSFULLY EXECUTED TEST: Gokomodo.FE.MobileWeb.LoginManager.Buyer.tests.MobileWebLoginBuyer.validUserName
]]>
            </line>
            <line>
              <![CDATA[
]]>
            </line>
          </reporter-output>
        </test-method> <!-- validUserName -->
        <test-method status="PASS" signature="afterClass()[pri:0, instance:Gokomodo.FE.MobileWeb.LoginManager.Buyer.tests.MobileWebLoginBuyer@77fffd89]" name="afterClass" is-config="true" duration-ms="274" started-at="2022-11-15T13:30:45 WIB" finished-at="2022-11-15T13:30:45 WIB">
          <reporter-output>
            <line>
              <![CDATA[Completed executing following method : MobileWebBuyerBaseMethod.afterClass]]>
            </line>
          </reporter-output>
        </test-method> <!-- afterClass -->
      </class> <!-- Gokomodo.FE.MobileWeb.LoginManager.Buyer.tests.MobileWebLoginBuyer -->
    </test> <!-- Mobile Android -->
    <test name="Mobile iPhone" duration-ms="339697" started-at="2022-11-15T13:30:53 WIB" finished-at="2022-11-15T13:36:32 WIB">
      <class name="Gokomodo.FE.MobileWeb.LoginManager.Admin.tests.MobileWebLoginAdmin">
        <test-method status="PASS" signature="beforeSuite()[pri:0, instance:Gokomodo.FE.MobileWeb.LoginManager.Admin.tests.MobileWebLoginAdmin@5ead823e]" name="beforeSuite" is-config="true" duration-ms="3976" started-at="2022-11-15T13:30:17 WIB" finished-at="2022-11-15T13:30:21 WIB">
          <reporter-output>
            <line>
              <![CDATA[Completed executing following method : MobileWebAdminBaseMethod.beforeSuite]]>
            </line>
          </reporter-output>
        </test-method> <!-- beforeSuite -->
        <test-method status="PASS" signature="beforeClass(java.lang.String,java.lang.String,java.lang.String)[pri:0, instance:Gokomodo.FE.MobileWeb.LoginManager.Admin.tests.MobileWebLoginAdmin@5ead823e]" name="beforeClass" is-config="true" duration-ms="118303" started-at="2022-11-15T13:30:53 WIB" finished-at="2022-11-15T13:32:51 WIB">
          <params>
            <param index="0">
              <value>
                <![CDATA[true]]>
              </value>
            </param>
            <param index="1">
              <value>
                <![CDATA[iOS]]>
              </value>
            </param>
            <param index="2">
              <value>
                <![CDATA[iPhone 12]]>
              </value>
            </param>
          </params>
          <reporter-output>
            <line>
              <![CDATA[Completed executing following method : MobileWebAdminBaseMethod.beforeClass]]>
            </line>
          </reporter-output>
        </test-method> <!-- beforeClass -->
        <test-method status="PASS" signature="mobileWebAdminLogin()[pri:0, instance:Gokomodo.FE.MobileWeb.LoginManager.Admin.tests.MobileWebLoginAdmin@5ead823e]" name="mobileWebAdminLogin" duration-ms="1102" started-at="2022-11-15T13:32:51 WIB" description="Mobile web admin login test" finished-at="2022-11-15T13:32:52 WIB">
          <reporter-output>
            <line>
              <![CDATA[
STARTED TESTING: Gokomodo.FE.MobileWeb.LoginManager.Admin.tests.MobileWebLoginAdmin.mobileWebAdminLogin
]]>
            </line>
            <line>
              <![CDATA[About to begin executing following method : MobileWebLoginAdmin.mobileWebAdminLogin]]>
            </line>
            <line>
              <![CDATA[Completed executing following method : MobileWebLoginAdmin.mobileWebAdminLogin]]>
            </line>
            <line>
              <![CDATA[
SUCCESSFULLY EXECUTED TEST: Gokomodo.FE.MobileWeb.LoginManager.Admin.tests.MobileWebLoginAdmin.mobileWebAdminLogin
]]>
            </line>
            <line>
              <![CDATA[
]]>
            </line>
          </reporter-output>
        </test-method> <!-- mobileWebAdminLogin -->
        <test-method status="PASS" signature="afterClass()[pri:0, instance:Gokomodo.FE.MobileWeb.LoginManager.Admin.tests.MobileWebLoginAdmin@5ead823e]" name="afterClass" is-config="true" duration-ms="7001" started-at="2022-11-15T13:32:52 WIB" finished-at="2022-11-15T13:32:59 WIB">
          <reporter-output>
            <line>
              <![CDATA[Completed executing following method : MobileWebAdminBaseMethod.afterClass]]>
            </line>
          </reporter-output>
        </test-method> <!-- afterClass -->
        <test-method status="PASS" signature="afterSuite()[pri:0, instance:Gokomodo.FE.MobileWeb.LoginManager.Admin.tests.MobileWebLoginAdmin@5ead823e]" name="afterSuite" is-config="true" duration-ms="4662" started-at="2022-11-15T13:36:32 WIB" finished-at="2022-11-15T13:36:37 WIB">
          <reporter-output>
            <line>
              <![CDATA[Completed executing following method : MobileWebAdminBaseMethod.afterSuite]]>
            </line>
          </reporter-output>
        </test-method> <!-- afterSuite -->
      </class> <!-- Gokomodo.FE.MobileWeb.LoginManager.Admin.tests.MobileWebLoginAdmin -->
      <class name="Gokomodo.FE.MobileWeb.LoginManager.Seller.tests.MobileWebLoginSeller">
        <test-method status="PASS" signature="beforeSuite()[pri:0, instance:Gokomodo.FE.MobileWeb.LoginManager.Seller.tests.MobileWebLoginSeller@62f6f159]" name="beforeSuite" is-config="true" duration-ms="7" started-at="2022-11-15T13:30:21 WIB" finished-at="2022-11-15T13:30:21 WIB">
          <reporter-output>
            <line>
              <![CDATA[Completed executing following method : MobileWebSellerBaseMethod.beforeSuite]]>
            </line>
          </reporter-output>
        </test-method> <!-- beforeSuite -->
        <test-method status="PASS" signature="beforeClass(java.lang.String,java.lang.String,java.lang.String)[pri:0, instance:Gokomodo.FE.MobileWeb.LoginManager.Seller.tests.MobileWebLoginSeller@62f6f159]" name="beforeClass" is-config="true" duration-ms="84118" started-at="2022-11-15T13:35:01 WIB" finished-at="2022-11-15T13:36:25 WIB">
          <params>
            <param index="0">
              <value>
                <![CDATA[true]]>
              </value>
            </param>
            <param index="1">
              <value>
                <![CDATA[iOS]]>
              </value>
            </param>
            <param index="2">
              <value>
                <![CDATA[iPhone 12]]>
              </value>
            </param>
          </params>
          <reporter-output>
            <line>
              <![CDATA[Completed executing following method : MobileWebSellerBaseMethod.beforeClass]]>
            </line>
          </reporter-output>
        </test-method> <!-- beforeClass -->
        <test-method status="PASS" signature="validUserName()[pri:0, instance:Gokomodo.FE.MobileWeb.LoginManager.Seller.tests.MobileWebLoginSeller@62f6f159]" name="validUserName" duration-ms="865" started-at="2022-11-15T13:36:25 WIB" description="Mobile seller web login Test" finished-at="2022-11-15T13:36:26 WIB">
          <reporter-output>
            <line>
              <![CDATA[
STARTED TESTING: Gokomodo.FE.MobileWeb.LoginManager.Seller.tests.MobileWebLoginSeller.validUserName
]]>
            </line>
            <line>
              <![CDATA[About to begin executing following method : MobileWebLoginSeller.validUserName]]>
            </line>
            <line>
              <![CDATA[Completed executing following method : MobileWebLoginSeller.validUserName]]>
            </line>
            <line>
              <![CDATA[
SUCCESSFULLY EXECUTED TEST: Gokomodo.FE.MobileWeb.LoginManager.Seller.tests.MobileWebLoginSeller.validUserName
]]>
            </line>
            <line>
              <![CDATA[
]]>
            </line>
          </reporter-output>
        </test-method> <!-- validUserName -->
        <test-method status="PASS" signature="afterClass()[pri:0, instance:Gokomodo.FE.MobileWeb.LoginManager.Seller.tests.MobileWebLoginSeller@62f6f159]" name="afterClass" is-config="true" duration-ms="6368" started-at="2022-11-15T13:36:26 WIB" finished-at="2022-11-15T13:36:32 WIB">
          <reporter-output>
            <line>
              <![CDATA[Completed executing following method : MobileWebSellerBaseMethod.afterClass]]>
            </line>
          </reporter-output>
        </test-method> <!-- afterClass -->
        <test-method status="PASS" signature="afterSuite()[pri:0, instance:Gokomodo.FE.MobileWeb.LoginManager.Seller.tests.MobileWebLoginSeller@62f6f159]" name="afterSuite" is-config="true" duration-ms="1" started-at="2022-11-15T13:36:37 WIB" finished-at="2022-11-15T13:36:37 WIB">
          <reporter-output>
            <line>
              <![CDATA[Completed executing following method : MobileWebSellerBaseMethod.afterSuite]]>
            </line>
          </reporter-output>
        </test-method> <!-- afterSuite -->
      </class> <!-- Gokomodo.FE.MobileWeb.LoginManager.Seller.tests.MobileWebLoginSeller -->
      <class name="Gokomodo.FE.MobileWeb.LoginManager.Buyer.tests.MobileWebLoginBuyer">
        <test-method status="PASS" signature="beforeSuite()[pri:0, instance:Gokomodo.FE.MobileWeb.LoginManager.Buyer.tests.MobileWebLoginBuyer@2c01fcbc]" name="beforeSuite" is-config="true" duration-ms="32" started-at="2022-11-15T13:30:21 WIB" finished-at="2022-11-15T13:30:21 WIB">
          <reporter-output>
            <line>
              <![CDATA[Completed executing following method : MobileWebBuyerBaseMethod.beforeSuite]]>
            </line>
          </reporter-output>
        </test-method> <!-- beforeSuite -->
        <test-method status="PASS" signature="beforeClass(java.lang.String,java.lang.String,java.lang.String)[pri:0, instance:Gokomodo.FE.MobileWeb.LoginManager.Buyer.tests.MobileWebLoginBuyer@2c01fcbc]" name="beforeClass" is-config="true" duration-ms="113709" started-at="2022-11-15T13:32:59 WIB" finished-at="2022-11-15T13:34:53 WIB">
          <params>
            <param index="0">
              <value>
                <![CDATA[true]]>
              </value>
            </param>
            <param index="1">
              <value>
                <![CDATA[iOS]]>
              </value>
            </param>
            <param index="2">
              <value>
                <![CDATA[iPhone 12]]>
              </value>
            </param>
          </params>
          <reporter-output>
            <line>
              <![CDATA[Completed executing following method : MobileWebBuyerBaseMethod.beforeClass]]>
            </line>
          </reporter-output>
        </test-method> <!-- beforeClass -->
        <test-method status="PASS" signature="validUserName()[pri:0, instance:Gokomodo.FE.MobileWeb.LoginManager.Buyer.tests.MobileWebLoginBuyer@2c01fcbc]" name="validUserName" duration-ms="1701" started-at="2022-11-15T13:34:53 WIB" description="Mobile web admin login test" finished-at="2022-11-15T13:34:55 WIB">
          <reporter-output>
            <line>
              <![CDATA[
STARTED TESTING: Gokomodo.FE.MobileWeb.LoginManager.Buyer.tests.MobileWebLoginBuyer.validUserName
]]>
            </line>
            <line>
              <![CDATA[About to begin executing following method : MobileWebLoginBuyer.validUserName]]>
            </line>
            <line>
              <![CDATA[Completed executing following method : MobileWebLoginBuyer.validUserName]]>
            </line>
            <line>
              <![CDATA[
SUCCESSFULLY EXECUTED TEST: Gokomodo.FE.MobileWeb.LoginManager.Buyer.tests.MobileWebLoginBuyer.validUserName
]]>
            </line>
            <line>
              <![CDATA[
]]>
            </line>
          </reporter-output>
        </test-method> <!-- validUserName -->
        <test-method status="PASS" signature="afterClass()[pri:0, instance:Gokomodo.FE.MobileWeb.LoginManager.Buyer.tests.MobileWebLoginBuyer@2c01fcbc]" name="afterClass" is-config="true" duration-ms="6400" started-at="2022-11-15T13:34:55 WIB" finished-at="2022-11-15T13:35:01 WIB">
          <reporter-output>
            <line>
              <![CDATA[Completed executing following method : MobileWebBuyerBaseMethod.afterClass]]>
            </line>
          </reporter-output>
        </test-method> <!-- afterClass -->
        <test-method status="PASS" signature="afterSuite()[pri:0, instance:Gokomodo.FE.MobileWeb.LoginManager.Buyer.tests.MobileWebLoginBuyer@2c01fcbc]" name="afterSuite" is-config="true" duration-ms="1" started-at="2022-11-15T13:36:37 WIB" finished-at="2022-11-15T13:36:37 WIB">
          <reporter-output>
            <line>
              <![CDATA[Completed executing following method : MobileWebBuyerBaseMethod.afterSuite]]>
            </line>
          </reporter-output>
        </test-method> <!-- afterSuite -->
      </class> <!-- Gokomodo.FE.MobileWeb.LoginManager.Buyer.tests.MobileWebLoginBuyer -->
    </test> <!-- Mobile iPhone -->
  </suite> <!-- End to End Mobile Web QA Gokomodo -->
  <suite name="End to End Web QA Gokomodo" duration-ms="80874" started-at="2022-11-15T13:28:57 WIB" finished-at="2022-11-15T13:30:17 WIB">
    <groups>
    </groups>
    <test name="TestBuyerGokomodo" duration-ms="80874" started-at="2022-11-15T13:28:57 WIB" finished-at="2022-11-15T13:30:17 WIB">
      <class name="Gokomodo.FE.Web.Buyer.tests.ForgotPassword">
        <test-method status="PASS" signature="beforeMethod()[pri:0, instance:Gokomodo.FE.Web.Buyer.tests.ForgotPassword@2baa5ccd]" name="beforeMethod" is-config="true" duration-ms="2464" started-at="2022-11-15T13:29:58 WIB" finished-at="2022-11-15T13:30:00 WIB">
          <reporter-output>
            <line>
              <![CDATA[Completed executing following method : BuyerWebDriverFactory.beforeMethod]]>
            </line>
          </reporter-output>
        </test-method> <!-- beforeMethod -->
        <test-method status="PASS" signature="TestForgetPassbuyer()[pri:0, instance:Gokomodo.FE.Web.Buyer.tests.ForgotPassword@2baa5ccd]" name="TestForgetPassbuyer" duration-ms="2043" started-at="2022-11-15T13:30:00 WIB" description="Forget Password Nausee1" finished-at="2022-11-15T13:30:02 WIB">
          <reporter-output>
            <line>
              <![CDATA[
STARTED TESTING: Gokomodo.FE.Web.Buyer.tests.ForgotPassword.TestForgetPassbuyer
]]>
            </line>
            <line>
              <![CDATA[About to begin executing following method : ForgotPassword.TestForgetPassbuyer]]>
            </line>
            <line>
              <![CDATA[Completed executing following method : ForgotPassword.TestForgetPassbuyer]]>
            </line>
            <line>
              <![CDATA[
SUCCESSFULLY EXECUTED TEST: Gokomodo.FE.Web.Buyer.tests.ForgotPassword.TestForgetPassbuyer
]]>
            </line>
            <line>
              <![CDATA[
]]>
            </line>
            <line>
              <![CDATA[About to begin executing following method : BuyerWebDriverFactory.afterMethod]]>
            </line>
          </reporter-output>
        </test-method> <!-- TestForgetPassbuyer -->
        <test-method status="PASS" signature="afterMethod()[pri:0, instance:Gokomodo.FE.Web.Buyer.tests.ForgotPassword@2baa5ccd]" name="afterMethod" is-config="true" duration-ms="2476" started-at="2022-11-15T13:30:02 WIB" finished-at="2022-11-15T13:30:05 WIB">
          <reporter-output>
            <line>
              <![CDATA[Completed executing following method : BuyerWebDriverFactory.afterMethod]]>
            </line>
          </reporter-output>
        </test-method> <!-- afterMethod -->
      </class> <!-- Gokomodo.FE.Web.Buyer.tests.ForgotPassword -->
      <class name="Gokomodo.FE.Web.LoginManager.Admin.tests.LoginAdmin">
        <test-method status="PASS" signature="suiteSetup()[pri:0, instance:Gokomodo.FE.Web.LoginManager.Admin.tests.LoginAdmin@44be009c]" name="suiteSetup" is-config="true" duration-ms="21962" started-at="2022-11-15T13:28:57 WIB" finished-at="2022-11-15T13:29:18 WIB">
          <reporter-output>
            <line>
              <![CDATA[Completed executing following method : AdminWebDriverFactory.suiteSetup]]>
            </line>
          </reporter-output>
        </test-method> <!-- suiteSetup -->
        <test-method status="PASS" signature="beforeMethod()[pri:0, instance:Gokomodo.FE.Web.LoginManager.Admin.tests.LoginAdmin@44be009c]" name="beforeMethod" is-config="true" duration-ms="2337" started-at="2022-11-15T13:30:05 WIB" finished-at="2022-11-15T13:30:07 WIB">
          <reporter-output>
            <line>
              <![CDATA[Completed executing following method : AdminWebDriverFactory.beforeMethod]]>
            </line>
          </reporter-output>
        </test-method> <!-- beforeMethod -->
        <test-method status="PASS" signature="TestloginAdmin()[pri:0, instance:Gokomodo.FE.Web.LoginManager.Admin.tests.LoginAdmin@44be009c]" name="TestloginAdmin" duration-ms="1542" started-at="2022-11-15T13:30:07 WIB" description="Login Arum" finished-at="2022-11-15T13:30:09 WIB">
          <reporter-output>
            <line>
              <![CDATA[
STARTED TESTING: Gokomodo.FE.Web.LoginManager.Admin.tests.LoginAdmin.TestloginAdmin
]]>
            </line>
            <line>
              <![CDATA[About to begin executing following method : LoginAdmin.TestloginAdmin]]>
            </line>
            <line>
              <![CDATA[Completed executing following method : LoginAdmin.TestloginAdmin]]>
            </line>
            <line>
              <![CDATA[
SUCCESSFULLY EXECUTED TEST: Gokomodo.FE.Web.LoginManager.Admin.tests.LoginAdmin.TestloginAdmin
]]>
            </line>
            <line>
              <![CDATA[
]]>
            </line>
            <line>
              <![CDATA[About to begin executing following method : AdminWebDriverFactory.afterMethod]]>
            </line>
          </reporter-output>
        </test-method> <!-- TestloginAdmin -->
        <test-method status="PASS" signature="afterMethod()[pri:0, instance:Gokomodo.FE.Web.LoginManager.Admin.tests.LoginAdmin@44be009c]" name="afterMethod" is-config="true" duration-ms="2465" started-at="2022-11-15T13:30:09 WIB" finished-at="2022-11-15T13:30:11 WIB">
          <reporter-output>
            <line>
              <![CDATA[Completed executing following method : AdminWebDriverFactory.afterMethod]]>
            </line>
          </reporter-output>
        </test-method> <!-- afterMethod -->
        <test-method status="PASS" signature="beforeMethod()[pri:0, instance:Gokomodo.FE.Web.LoginManager.Admin.tests.LoginAdmin@44be009c]" name="beforeMethod" is-config="true" duration-ms="2138" started-at="2022-11-15T13:30:11 WIB" finished-at="2022-11-15T13:30:13 WIB">
          <reporter-output>
            <line>
              <![CDATA[Completed executing following method : AdminWebDriverFactory.beforeMethod]]>
            </line>
          </reporter-output>
        </test-method> <!-- beforeMethod -->
        <test-method status="PASS" signature="TestloginAdmin2()[pri:0, instance:Gokomodo.FE.Web.LoginManager.Admin.tests.LoginAdmin@44be009c]" name="TestloginAdmin2" duration-ms="1536" started-at="2022-11-15T13:30:13 WIB" description="Login Denny1" finished-at="2022-11-15T13:30:15 WIB">
          <reporter-output>
            <line>
              <![CDATA[
STARTED TESTING: Gokomodo.FE.Web.LoginManager.Admin.tests.LoginAdmin.TestloginAdmin2
]]>
            </line>
            <line>
              <![CDATA[About to begin executing following method : LoginAdmin.TestloginAdmin2]]>
            </line>
            <line>
              <![CDATA[Completed executing following method : LoginAdmin.TestloginAdmin2]]>
            </line>
            <line>
              <![CDATA[
SUCCESSFULLY EXECUTED TEST: Gokomodo.FE.Web.LoginManager.Admin.tests.LoginAdmin.TestloginAdmin2
]]>
            </line>
            <line>
              <![CDATA[
]]>
            </line>
            <line>
              <![CDATA[About to begin executing following method : AdminWebDriverFactory.afterMethod]]>
            </line>
          </reporter-output>
        </test-method> <!-- TestloginAdmin2 -->
        <test-method status="PASS" signature="afterMethod()[pri:0, instance:Gokomodo.FE.Web.LoginManager.Admin.tests.LoginAdmin@44be009c]" name="afterMethod" is-config="true" duration-ms="2462" started-at="2022-11-15T13:30:15 WIB" finished-at="2022-11-15T13:30:17 WIB">
          <reporter-output>
            <line>
              <![CDATA[Completed executing following method : AdminWebDriverFactory.afterMethod]]>
            </line>
          </reporter-output>
        </test-method> <!-- afterMethod -->
        <test-method status="PASS" signature="beforeSuite()[pri:0, instance:Gokomodo.FE.Web.LoginManager.Admin.tests.LoginAdmin@44be009c]" name="beforeSuite" is-config="true" duration-ms="19" started-at="2022-11-15T13:30:17 WIB" finished-at="2022-11-15T13:30:17 WIB">
          <reporter-output>
            <line>
              <![CDATA[Completed executing following method : AdminBaseMethod.beforeSuite]]>
            </line>
          </reporter-output>
        </test-method> <!-- beforeSuite -->
      </class> <!-- Gokomodo.FE.Web.LoginManager.Admin.tests.LoginAdmin -->
      <class name="Gokomodo.FE.Web.LoginManager.Buyer.tests.LoginBuyer">
        <test-method status="PASS" signature="suiteSetup()[pri:0, instance:Gokomodo.FE.Web.LoginManager.Buyer.tests.LoginBuyer@1b500d69]" name="suiteSetup" is-config="true" duration-ms="156" started-at="2022-11-15T13:29:18 WIB" finished-at="2022-11-15T13:29:19 WIB">
          <reporter-output>
            <line>
              <![CDATA[Completed executing following method : BuyerWebDriverFactory.suiteSetup]]>
            </line>
          </reporter-output>
        </test-method> <!-- suiteSetup -->
        <test-method status="PASS" signature="beforeMethod()[pri:0, instance:Gokomodo.FE.Web.LoginManager.Buyer.tests.LoginBuyer@1b500d69]" name="beforeMethod" is-config="true" duration-ms="2801" started-at="2022-11-15T13:29:38 WIB" finished-at="2022-11-15T13:29:41 WIB">
          <reporter-output>
            <line>
              <![CDATA[Completed executing following method : BuyerWebDriverFactory.beforeMethod]]>
            </line>
          </reporter-output>
        </test-method> <!-- beforeMethod -->
        <test-method status="PASS" signature="Testloginbuyer()[pri:0, instance:Gokomodo.FE.Web.LoginManager.Buyer.tests.LoginBuyer@1b500d69]" name="Testloginbuyer" duration-ms="1541" started-at="2022-11-15T13:29:41 WIB" description="Login Nausee1" finished-at="2022-11-15T13:29:43 WIB">
          <reporter-output>
            <line>
              <![CDATA[
STARTED TESTING: Gokomodo.FE.Web.LoginManager.Buyer.tests.LoginBuyer.Testloginbuyer
]]>
            </line>
            <line>
              <![CDATA[About to begin executing following method : LoginBuyer.Testloginbuyer]]>
            </line>
            <line>
              <![CDATA[Completed executing following method : LoginBuyer.Testloginbuyer]]>
            </line>
            <line>
              <![CDATA[
SUCCESSFULLY EXECUTED TEST: Gokomodo.FE.Web.LoginManager.Buyer.tests.LoginBuyer.Testloginbuyer
]]>
            </line>
            <line>
              <![CDATA[
]]>
            </line>
            <line>
              <![CDATA[About to begin executing following method : BuyerWebDriverFactory.afterMethod]]>
            </line>
          </reporter-output>
        </test-method> <!-- Testloginbuyer -->
        <test-method status="PASS" signature="afterMethod()[pri:0, instance:Gokomodo.FE.Web.LoginManager.Buyer.tests.LoginBuyer@1b500d69]" name="afterMethod" is-config="true" duration-ms="2469" started-at="2022-11-15T13:29:43 WIB" finished-at="2022-11-15T13:29:45 WIB">
          <reporter-output>
            <line>
              <![CDATA[Completed executing following method : BuyerWebDriverFactory.afterMethod]]>
            </line>
          </reporter-output>
        </test-method> <!-- afterMethod -->
        <test-method status="PASS" signature="beforeMethod()[pri:0, instance:Gokomodo.FE.Web.LoginManager.Buyer.tests.LoginBuyer@1b500d69]" name="beforeMethod" is-config="true" duration-ms="2526" started-at="2022-11-15T13:29:45 WIB" finished-at="2022-11-15T13:29:48 WIB">
          <reporter-output>
            <line>
              <![CDATA[Completed executing following method : BuyerWebDriverFactory.beforeMethod]]>
            </line>
          </reporter-output>
        </test-method> <!-- beforeMethod -->
        <test-method status="PASS" signature="Testloginbuyer1()[pri:0, instance:Gokomodo.FE.Web.LoginManager.Buyer.tests.LoginBuyer@1b500d69]" name="Testloginbuyer1" duration-ms="1537" started-at="2022-11-15T13:29:48 WIB" description="Login Nausee5" finished-at="2022-11-15T13:29:49 WIB">
          <reporter-output>
            <line>
              <![CDATA[
STARTED TESTING: Gokomodo.FE.Web.LoginManager.Buyer.tests.LoginBuyer.Testloginbuyer1
]]>
            </line>
            <line>
              <![CDATA[About to begin executing following method : LoginBuyer.Testloginbuyer1]]>
            </line>
            <line>
              <![CDATA[Completed executing following method : LoginBuyer.Testloginbuyer1]]>
            </line>
            <line>
              <![CDATA[
SUCCESSFULLY EXECUTED TEST: Gokomodo.FE.Web.LoginManager.Buyer.tests.LoginBuyer.Testloginbuyer1
]]>
            </line>
            <line>
              <![CDATA[
]]>
            </line>
            <line>
              <![CDATA[About to begin executing following method : BuyerWebDriverFactory.afterMethod]]>
            </line>
          </reporter-output>
        </test-method> <!-- Testloginbuyer1 -->
        <test-method status="PASS" signature="afterMethod()[pri:0, instance:Gokomodo.FE.Web.LoginManager.Buyer.tests.LoginBuyer@1b500d69]" name="afterMethod" is-config="true" duration-ms="2450" started-at="2022-11-15T13:29:49 WIB" finished-at="2022-11-15T13:29:52 WIB">
          <reporter-output>
            <line>
              <![CDATA[Completed executing following method : BuyerWebDriverFactory.afterMethod]]>
            </line>
          </reporter-output>
        </test-method> <!-- afterMethod -->
        <test-method status="PASS" signature="beforeMethod()[pri:0, instance:Gokomodo.FE.Web.LoginManager.Buyer.tests.LoginBuyer@1b500d69]" name="beforeMethod" is-config="true" duration-ms="2333" started-at="2022-11-15T13:29:52 WIB" finished-at="2022-11-15T13:29:54 WIB">
          <reporter-output>
            <line>
              <![CDATA[Completed executing following method : BuyerWebDriverFactory.beforeMethod]]>
            </line>
          </reporter-output>
        </test-method> <!-- beforeMethod -->
        <test-method status="PASS" signature="Testloginbuyer2()[pri:0, instance:Gokomodo.FE.Web.LoginManager.Buyer.tests.LoginBuyer@1b500d69]" name="Testloginbuyer2" duration-ms="1531" started-at="2022-11-15T13:29:54 WIB" description="Login Commerce1" finished-at="2022-11-15T13:29:55 WIB">
          <reporter-output>
            <line>
              <![CDATA[
STARTED TESTING: Gokomodo.FE.Web.LoginManager.Buyer.tests.LoginBuyer.Testloginbuyer2
]]>
            </line>
            <line>
              <![CDATA[About to begin executing following method : LoginBuyer.Testloginbuyer2]]>
            </line>
            <line>
              <![CDATA[Completed executing following method : LoginBuyer.Testloginbuyer2]]>
            </line>
            <line>
              <![CDATA[
SUCCESSFULLY EXECUTED TEST: Gokomodo.FE.Web.LoginManager.Buyer.tests.LoginBuyer.Testloginbuyer2
]]>
            </line>
            <line>
              <![CDATA[
]]>
            </line>
            <line>
              <![CDATA[About to begin executing following method : BuyerWebDriverFactory.afterMethod]]>
            </line>
          </reporter-output>
        </test-method> <!-- Testloginbuyer2 -->
        <test-method status="PASS" signature="afterMethod()[pri:0, instance:Gokomodo.FE.Web.LoginManager.Buyer.tests.LoginBuyer@1b500d69]" name="afterMethod" is-config="true" duration-ms="2447" started-at="2022-11-15T13:29:55 WIB" finished-at="2022-11-15T13:29:58 WIB">
          <reporter-output>
            <line>
              <![CDATA[Completed executing following method : BuyerWebDriverFactory.afterMethod]]>
            </line>
          </reporter-output>
        </test-method> <!-- afterMethod -->
        <test-method status="PASS" signature="beforeSuite()[pri:0, instance:Gokomodo.FE.Web.LoginManager.Buyer.tests.LoginBuyer@1b500d69]" name="beforeSuite" is-config="true" duration-ms="2" started-at="2022-11-15T13:30:17 WIB" finished-at="2022-11-15T13:30:17 WIB">
          <reporter-output>
            <line>
              <![CDATA[Completed executing following method : BuyerBaseMethod.beforeSuite]]>
            </line>
          </reporter-output>
        </test-method> <!-- beforeSuite -->
      </class> <!-- Gokomodo.FE.Web.LoginManager.Buyer.tests.LoginBuyer -->
      <class name="Gokomodo.FE.Web.LoginManager.Seller.tests.LoginSeller">
        <test-method status="PASS" signature="suiteSetup()[pri:0, instance:Gokomodo.FE.Web.LoginManager.Seller.tests.LoginSeller@652b1eea]" name="suiteSetup" is-config="true" duration-ms="108" started-at="2022-11-15T13:29:19 WIB" finished-at="2022-11-15T13:29:19 WIB">
          <reporter-output>
            <line>
              <![CDATA[Completed executing following method : WebDriverFactory.suiteSetup]]>
            </line>
          </reporter-output>
        </test-method> <!-- suiteSetup -->
        <test-method status="PASS" signature="beforeMethod()[pri:0, instance:Gokomodo.FE.Web.LoginManager.Seller.tests.LoginSeller@652b1eea]" name="beforeMethod" is-config="true" duration-ms="7283" started-at="2022-11-15T13:29:19 WIB" finished-at="2022-11-15T13:29:26 WIB">
          <reporter-output>
            <line>
              <![CDATA[Completed executing following method : WebDriverFactory.beforeMethod]]>
            </line>
          </reporter-output>
        </test-method> <!-- beforeMethod -->
        <test-method status="PASS" signature="TestloginSeller()[pri:0, instance:Gokomodo.FE.Web.LoginManager.Seller.tests.LoginSeller@652b1eea]" name="TestloginSeller" duration-ms="2821" started-at="2022-11-15T13:29:26 WIB" description="Seller Test Komodo" finished-at="2022-11-15T13:29:29 WIB">
          <reporter-output>
            <line>
              <![CDATA[
STARTED TESTING: Gokomodo.FE.Web.LoginManager.Seller.tests.LoginSeller.TestloginSeller
]]>
            </line>
            <line>
              <![CDATA[About to begin executing following method : LoginSeller.TestloginSeller]]>
            </line>
            <line>
              <![CDATA[Completed executing following method : LoginSeller.TestloginSeller]]>
            </line>
            <line>
              <![CDATA[
SUCCESSFULLY EXECUTED TEST: Gokomodo.FE.Web.LoginManager.Seller.tests.LoginSeller.TestloginSeller
]]>
            </line>
            <line>
              <![CDATA[
]]>
            </line>
            <line>
              <![CDATA[About to begin executing following method : WebDriverFactory.afterMethod]]>
            </line>
          </reporter-output>
        </test-method> <!-- TestloginSeller -->
        <test-method status="PASS" signature="afterMethod()[pri:0, instance:Gokomodo.FE.Web.LoginManager.Seller.tests.LoginSeller@652b1eea]" name="afterMethod" is-config="true" duration-ms="2472" started-at="2022-11-15T13:29:29 WIB" finished-at="2022-11-15T13:29:32 WIB">
          <reporter-output>
            <line>
              <![CDATA[Completed executing following method : WebDriverFactory.afterMethod]]>
            </line>
          </reporter-output>
        </test-method> <!-- afterMethod -->
        <test-method status="PASS" signature="beforeMethod()[pri:0, instance:Gokomodo.FE.Web.LoginManager.Seller.tests.LoginSeller@652b1eea]" name="beforeMethod" is-config="true" duration-ms="2407" started-at="2022-11-15T13:29:32 WIB" finished-at="2022-11-15T13:29:34 WIB">
          <reporter-output>
            <line>
              <![CDATA[Completed executing following method : WebDriverFactory.beforeMethod]]>
            </line>
          </reporter-output>
        </test-method> <!-- beforeMethod -->
        <test-method status="PASS" signature="TestloginSeller2()[pri:0, instance:Gokomodo.FE.Web.LoginManager.Seller.tests.LoginSeller@652b1eea]" name="TestloginSeller2" duration-ms="1548" started-at="2022-11-15T13:29:34 WIB" description="Saka Semua Ada" finished-at="2022-11-15T13:29:36 WIB">
          <reporter-output>
            <line>
              <![CDATA[
STARTED TESTING: Gokomodo.FE.Web.LoginManager.Seller.tests.LoginSeller.TestloginSeller2
]]>
            </line>
            <line>
              <![CDATA[About to begin executing following method : LoginSeller.TestloginSeller2]]>
            </line>
            <line>
              <![CDATA[Completed executing following method : LoginSeller.TestloginSeller2]]>
            </line>
            <line>
              <![CDATA[
SUCCESSFULLY EXECUTED TEST: Gokomodo.FE.Web.LoginManager.Seller.tests.LoginSeller.TestloginSeller2
]]>
            </line>
            <line>
              <![CDATA[
]]>
            </line>
            <line>
              <![CDATA[About to begin executing following method : WebDriverFactory.afterMethod]]>
            </line>
          </reporter-output>
        </test-method> <!-- TestloginSeller2 -->
        <test-method status="PASS" signature="afterMethod()[pri:0, instance:Gokomodo.FE.Web.LoginManager.Seller.tests.LoginSeller@652b1eea]" name="afterMethod" is-config="true" duration-ms="2481" started-at="2022-11-15T13:29:36 WIB" finished-at="2022-11-15T13:29:38 WIB">
          <reporter-output>
            <line>
              <![CDATA[Completed executing following method : WebDriverFactory.afterMethod]]>
            </line>
          </reporter-output>
        </test-method> <!-- afterMethod -->
        <test-method status="PASS" signature="beforeSuite()[pri:0, instance:Gokomodo.FE.Web.LoginManager.Seller.tests.LoginSeller@652b1eea]" name="beforeSuite" is-config="true" duration-ms="2" started-at="2022-11-15T13:30:17 WIB" finished-at="2022-11-15T13:30:17 WIB">
          <reporter-output>
            <line>
              <![CDATA[Completed executing following method : BaseMethod.beforeSuite]]>
            </line>
          </reporter-output>
        </test-method> <!-- beforeSuite -->
      </class> <!-- Gokomodo.FE.Web.LoginManager.Seller.tests.LoginSeller -->
    </test> <!-- TestBuyerGokomodo -->
  </suite> <!-- End to End Web QA Gokomodo -->
</testng-results>
