<?xml version="1.0" encoding="UTF-8"?>
<testng-results skipped="0" failed="0" ignored="0" total="5" passed="5">
  <reporter-output>
  </reporter-output>
  <suite name="End to End Mobile QA Gokomodo" duration-ms="64877" started-at="2022-11-16T18:12:34 WIB" finished-at="2022-11-16T18:13:39 WIB">
    <groups>
    </groups>
    <test name="Mobile Android" duration-ms="64877" started-at="2022-11-16T18:12:34 WIB" finished-at="2022-11-16T18:13:39 WIB">
      <class name="Gokomodo.FE.MobileWeb.LoginManager.Admin.tests.MobileWebLoginAdmin">
        <test-method status="PASS" signature="beforeSuite()[pri:0, instance:Gokomodo.FE.MobileWeb.LoginManager.Admin.tests.MobileWebLoginAdmin@f096f37]" name="beforeSuite" is-config="true" duration-ms="6" started-at="2022-11-16T18:12:34 WIB" finished-at="2022-11-16T18:12:34 WIB">
          <reporter-output>
          </reporter-output>
        </test-method> <!-- beforeSuite -->
        <test-method status="PASS" signature="beforeClass(java.lang.String,java.lang.String,java.lang.String)[pri:0, instance:Gokomodo.FE.MobileWeb.LoginManager.Admin.tests.MobileWebLoginAdmin@f096f37]" name="beforeClass" is-config="true" duration-ms="9766" started-at="2022-11-16T18:13:11 WIB" finished-at="2022-11-16T18:13:21 WIB">
          <params>
            <param index="0">
              <value>
                <![CDATA[true]]>
              </value>
            </param>
            <param index="1">
              <value>
                <![CDATA[Android]]>
              </value>
            </param>
            <param index="2">
              <value>
                <![CDATA[Android_Emulator]]>
              </value>
            </param>
          </params>
          <reporter-output>
          </reporter-output>
        </test-method> <!-- beforeClass -->
        <test-method status="PASS" signature="mobileWebAdminLogin()[pri:0, instance:Gokomodo.FE.MobileWeb.LoginManager.Admin.tests.MobileWebLoginAdmin@f096f37]" name="mobileWebAdminLogin" duration-ms="1436" started-at="2022-11-16T18:13:21 WIB" description="Mobile web admin login test" finished-at="2022-11-16T18:13:23 WIB">
          <reporter-output>
          </reporter-output>
        </test-method> <!-- mobileWebAdminLogin -->
        <test-method status="PASS" signature="afterClass()[pri:0, instance:Gokomodo.FE.MobileWeb.LoginManager.Admin.tests.MobileWebLoginAdmin@f096f37]" name="afterClass" is-config="true" duration-ms="372" started-at="2022-11-16T18:13:23 WIB" finished-at="2022-11-16T18:13:23 WIB">
          <reporter-output>
          </reporter-output>
        </test-method> <!-- afterClass -->
        <test-method status="PASS" signature="afterSuite()[pri:0, instance:Gokomodo.FE.MobileWeb.LoginManager.Admin.tests.MobileWebLoginAdmin@f096f37]" name="afterSuite" is-config="true" duration-ms="0" started-at="2022-11-16T18:13:44 WIB" finished-at="2022-11-16T18:13:44 WIB">
          <reporter-output>
          </reporter-output>
        </test-method> <!-- afterSuite -->
      </class> <!-- Gokomodo.FE.MobileWeb.LoginManager.Admin.tests.MobileWebLoginAdmin -->
      <class name="Gokomodo.FE.Mobile.LoginManager.Buyer.tests.MobileLoginBuyer">
        <test-method status="PASS" signature="beforeSuite()[pri:0, instance:Gokomodo.FE.Mobile.LoginManager.Buyer.tests.MobileLoginBuyer@36ddaebf]" name="beforeSuite" is-config="true" duration-ms="7054" started-at="2022-11-16T18:12:27 WIB" finished-at="2022-11-16T18:12:34 WIB">
          <reporter-output>
          </reporter-output>
        </test-method> <!-- beforeSuite -->
        <test-method status="PASS" signature="beforeClass(java.lang.String,java.lang.String,java.lang.String)[pri:0, instance:Gokomodo.FE.Mobile.LoginManager.Buyer.tests.MobileLoginBuyer@36ddaebf]" name="beforeClass" is-config="true" duration-ms="18595" started-at="2022-11-16T18:12:34 WIB" finished-at="2022-11-16T18:12:53 WIB">
          <params>
            <param index="0">
              <value>
                <![CDATA[true]]>
              </value>
            </param>
            <param index="1">
              <value>
                <![CDATA[Android]]>
              </value>
            </param>
            <param index="2">
              <value>
                <![CDATA[Android_Emulator]]>
              </value>
            </param>
          </params>
          <reporter-output>
          </reporter-output>
        </test-method> <!-- beforeClass -->
        <test-method status="PASS" signature="mobileBuyerLogin()[pri:0, instance:Gokomodo.FE.Mobile.LoginManager.Buyer.tests.MobileLoginBuyer@36ddaebf]" name="mobileBuyerLogin" duration-ms="6624" started-at="2022-11-16T18:12:53 WIB" description="Mobile buyer login test" finished-at="2022-11-16T18:12:59 WIB">
          <reporter-output>
          </reporter-output>
        </test-method> <!-- mobileBuyerLogin -->
        <test-method status="PASS" signature="afterClass()[pri:0, instance:Gokomodo.FE.Mobile.LoginManager.Buyer.tests.MobileLoginBuyer@36ddaebf]" name="afterClass" is-config="true" duration-ms="353" started-at="2022-11-16T18:12:59 WIB" finished-at="2022-11-16T18:13:00 WIB">
          <reporter-output>
          </reporter-output>
        </test-method> <!-- afterClass -->
        <test-method status="PASS" signature="afterSuite()[pri:0, instance:Gokomodo.FE.Mobile.LoginManager.Buyer.tests.MobileLoginBuyer@36ddaebf]" name="afterSuite" is-config="true" duration-ms="4868" started-at="2022-11-16T18:13:39 WIB" finished-at="2022-11-16T18:13:44 WIB">
          <reporter-output>
          </reporter-output>
        </test-method> <!-- afterSuite -->
      </class> <!-- Gokomodo.FE.Mobile.LoginManager.Buyer.tests.MobileLoginBuyer -->
      <class name="Gokomodo.FE.MobileWeb.LoginManager.Seller.tests.MobileWebLoginSeller">
        <test-method status="PASS" signature="beforeSuite()[pri:0, instance:Gokomodo.FE.MobileWeb.LoginManager.Seller.tests.MobileWebLoginSeller@41f4fe5]" name="beforeSuite" is-config="true" duration-ms="6" started-at="2022-11-16T18:12:34 WIB" finished-at="2022-11-16T18:12:34 WIB">
          <reporter-output>
          </reporter-output>
        </test-method> <!-- beforeSuite -->
        <test-method status="PASS" signature="beforeClass(java.lang.String,java.lang.String,java.lang.String)[pri:0, instance:Gokomodo.FE.MobileWeb.LoginManager.Seller.tests.MobileWebLoginSeller@41f4fe5]" name="beforeClass" is-config="true" duration-ms="5118" started-at="2022-11-16T18:13:32 WIB" finished-at="2022-11-16T18:13:37 WIB">
          <params>
            <param index="0">
              <value>
                <![CDATA[true]]>
              </value>
            </param>
            <param index="1">
              <value>
                <![CDATA[Android]]>
              </value>
            </param>
            <param index="2">
              <value>
                <![CDATA[Android_Emulator]]>
              </value>
            </param>
          </params>
          <reporter-output>
          </reporter-output>
        </test-method> <!-- beforeClass -->
        <test-method status="PASS" signature="validUserName()[pri:0, instance:Gokomodo.FE.MobileWeb.LoginManager.Seller.tests.MobileWebLoginSeller@41f4fe5]" name="validUserName" duration-ms="1806" started-at="2022-11-16T18:13:37 WIB" description="Mobile seller web login Test" finished-at="2022-11-16T18:13:38 WIB">
          <reporter-output>
          </reporter-output>
        </test-method> <!-- validUserName -->
        <test-method status="PASS" signature="afterClass()[pri:0, instance:Gokomodo.FE.MobileWeb.LoginManager.Seller.tests.MobileWebLoginSeller@41f4fe5]" name="afterClass" is-config="true" duration-ms="214" started-at="2022-11-16T18:13:38 WIB" finished-at="2022-11-16T18:13:39 WIB">
          <reporter-output>
          </reporter-output>
        </test-method> <!-- afterClass -->
        <test-method status="PASS" signature="afterSuite()[pri:0, instance:Gokomodo.FE.MobileWeb.LoginManager.Seller.tests.MobileWebLoginSeller@41f4fe5]" name="afterSuite" is-config="true" duration-ms="0" started-at="2022-11-16T18:13:44 WIB" finished-at="2022-11-16T18:13:44 WIB">
          <reporter-output>
          </reporter-output>
        </test-method> <!-- afterSuite -->
      </class> <!-- Gokomodo.FE.MobileWeb.LoginManager.Seller.tests.MobileWebLoginSeller -->
      <class name="Gokomodo.FE.Mobile.LoginManager.Seller.tests.MobileLoginSeller">
        <test-method status="PASS" signature="beforeSuite()[pri:0, instance:Gokomodo.FE.Mobile.LoginManager.Seller.tests.MobileLoginSeller@4bbb49b0]" name="beforeSuite" is-config="true" duration-ms="18" started-at="2022-11-16T18:12:34 WIB" finished-at="2022-11-16T18:12:34 WIB">
          <reporter-output>
          </reporter-output>
        </test-method> <!-- beforeSuite -->
        <test-method status="PASS" signature="beforeClass(java.lang.String,java.lang.String,java.lang.String)[pri:0, instance:Gokomodo.FE.Mobile.LoginManager.Seller.tests.MobileLoginSeller@4bbb49b0]" name="beforeClass" is-config="true" duration-ms="6559" started-at="2022-11-16T18:13:00 WIB" finished-at="2022-11-16T18:13:06 WIB">
          <params>
            <param index="0">
              <value>
                <![CDATA[true]]>
              </value>
            </param>
            <param index="1">
              <value>
                <![CDATA[Android]]>
              </value>
            </param>
            <param index="2">
              <value>
                <![CDATA[Android_Emulator]]>
              </value>
            </param>
          </params>
          <reporter-output>
          </reporter-output>
        </test-method> <!-- beforeClass -->
        <test-method status="PASS" signature="mobileSellerLogin()[pri:0, instance:Gokomodo.FE.Mobile.LoginManager.Seller.tests.MobileLoginSeller@4bbb49b0]" name="mobileSellerLogin" duration-ms="4852" started-at="2022-11-16T18:13:06 WIB" description="Mobile seller login test" finished-at="2022-11-16T18:13:11 WIB">
          <reporter-output>
          </reporter-output>
        </test-method> <!-- mobileSellerLogin -->
        <test-method status="PASS" signature="afterClass()[pri:0, instance:Gokomodo.FE.Mobile.LoginManager.Seller.tests.MobileLoginSeller@4bbb49b0]" name="afterClass" is-config="true" duration-ms="252" started-at="2022-11-16T18:13:11 WIB" finished-at="2022-11-16T18:13:11 WIB">
          <reporter-output>
          </reporter-output>
        </test-method> <!-- afterClass -->
        <test-method status="PASS" signature="afterSuite()[pri:0, instance:Gokomodo.FE.Mobile.LoginManager.Seller.tests.MobileLoginSeller@4bbb49b0]" name="afterSuite" is-config="true" duration-ms="2" started-at="2022-11-16T18:13:44 WIB" finished-at="2022-11-16T18:13:44 WIB">
          <reporter-output>
          </reporter-output>
        </test-method> <!-- afterSuite -->
      </class> <!-- Gokomodo.FE.Mobile.LoginManager.Seller.tests.MobileLoginSeller -->
      <class name="Gokomodo.FE.MobileWeb.LoginManager.Buyer.tests.MobileWebLoginBuyer">
        <test-method status="PASS" signature="beforeSuite()[pri:0, instance:Gokomodo.FE.MobileWeb.LoginManager.Buyer.tests.MobileWebLoginBuyer@3effd4f3]" name="beforeSuite" is-config="true" duration-ms="5" started-at="2022-11-16T18:12:34 WIB" finished-at="2022-11-16T18:12:34 WIB">
          <reporter-output>
          </reporter-output>
        </test-method> <!-- beforeSuite -->
        <test-method status="PASS" signature="beforeClass(java.lang.String,java.lang.String,java.lang.String)[pri:0, instance:Gokomodo.FE.MobileWeb.LoginManager.Buyer.tests.MobileWebLoginBuyer@3effd4f3]" name="beforeClass" is-config="true" duration-ms="5242" started-at="2022-11-16T18:13:23 WIB" finished-at="2022-11-16T18:13:28 WIB">
          <params>
            <param index="0">
              <value>
                <![CDATA[true]]>
              </value>
            </param>
            <param index="1">
              <value>
                <![CDATA[Android]]>
              </value>
            </param>
            <param index="2">
              <value>
                <![CDATA[Android_Emulator]]>
              </value>
            </param>
          </params>
          <reporter-output>
          </reporter-output>
        </test-method> <!-- beforeClass -->
        <test-method status="PASS" signature="validUserName()[pri:0, instance:Gokomodo.FE.MobileWeb.LoginManager.Buyer.tests.MobileWebLoginBuyer@3effd4f3]" name="validUserName" duration-ms="2946" started-at="2022-11-16T18:13:28 WIB" description="Mobile web admin login test" finished-at="2022-11-16T18:13:31 WIB">
          <reporter-output>
          </reporter-output>
        </test-method> <!-- validUserName -->
        <test-method status="PASS" signature="afterClass()[pri:0, instance:Gokomodo.FE.MobileWeb.LoginManager.Buyer.tests.MobileWebLoginBuyer@3effd4f3]" name="afterClass" is-config="true" duration-ms="284" started-at="2022-11-16T18:13:31 WIB" finished-at="2022-11-16T18:13:32 WIB">
          <reporter-output>
          </reporter-output>
        </test-method> <!-- afterClass -->
        <test-method status="PASS" signature="afterSuite()[pri:0, instance:Gokomodo.FE.MobileWeb.LoginManager.Buyer.tests.MobileWebLoginBuyer@3effd4f3]" name="afterSuite" is-config="true" duration-ms="0" started-at="2022-11-16T18:13:44 WIB" finished-at="2022-11-16T18:13:44 WIB">
          <reporter-output>
          </reporter-output>
        </test-method> <!-- afterSuite -->
      </class> <!-- Gokomodo.FE.MobileWeb.LoginManager.Buyer.tests.MobileWebLoginBuyer -->
    </test> <!-- Mobile Android -->
  </suite> <!-- End to End Mobile QA Gokomodo -->
</testng-results>
