<?xml version="1.0" encoding="UTF-8"?>
<testsuite xmlns:xsi="http://www.w3.org/2001/XMLSchema-instance" xsi:noNamespaceSchemaLocation="https://maven.apache.org/surefire/maven-surefire-plugin/xsd/surefire-test-report-3.0.xsd" version="3.0" name="TestSuite" time="79.953" tests="5" errors="0" skipped="0" failures="0">
  <properties>
[...]
</properties>
  <testcase name="mobileBuyerLogin" classname="Gokomodo.FE.Mobile.LoginManager.Buyer.tests.MobileLoginBuyer" time="6.781"/>
  <testcase name="mobileSellerLogin" classname="Gokomodo.FE.Mobile.LoginManager.Seller.tests.MobileLoginSeller" time="4.852"/>
  <testcase name="mobileWebAdminLogin" classname="Gokomodo.FE.MobileWeb.LoginManager.Admin.tests.MobileWebLoginAdmin" time="1.435"/>
  <testcase name="validUserName" classname="Gokomodo.FE.MobileWeb.LoginManager.Buyer.tests.MobileWebLoginBuyer" time="2.929"/>
  <testcase name="validUserName" classname="Gokomodo.FE.MobileWeb.LoginManager.Seller.tests.MobileWebLoginSeller" time="1.793"/>
</testsuite>